TN:
SF:compiler/rustc_middle/src/query/arena_cached.rs
FN:26,<&alloc::sync::Arc<rustc_session::config::OutputFilenames> as rustc_middle::query::arena_cached::ArenaCached>::alloc_in_arena::<rustc_middle::query::queries::output_filenames::provided_to_erased::{closure#0}>
FNDA:0,<&alloc::sync::Arc<rustc_session::config::OutputFilenames> as rustc_middle::query::arena_cached::ArenaCached>::alloc_in_arena::<rustc_middle::query::queries::output_filenames::provided_to_erased::{closure#0}>
FNF:1
FNH:0
BRF:0
BRH:0
DA:26,0
DA:27,0
DA:28,0
DA:29,0
DA:31,0
DA:32,0
LF:6
LH:0
end_of_record
SF:compiler/rustc_middle/src/mir/interpret/value.rs
FN:294,<rustc_middle::mir::interpret::value::Scalar>::try_to_scalar_int
FN:42,<rustc_middle::mir::interpret::value::Scalar as core::fmt::Debug>::fmt
FN:51,<rustc_middle::mir::interpret::value::Scalar as core::fmt::Display>::fmt
FN:324,<rustc_middle::mir::interpret::value::Scalar>::assert_scalar_int
FN:42,<rustc_middle::mir::interpret::value::Scalar<rustc_middle::mir::interpret::AllocId> as core::fmt::Debug>::fmt
FNDA:0,<rustc_middle::mir::interpret::value::Scalar>::try_to_scalar_int
FNDA:0,<rustc_middle::mir::interpret::value::Scalar as core::fmt::Debug>::fmt
FNDA:0,<rustc_middle::mir::interpret::value::Scalar as core::fmt::Display>::fmt
FNDA:0,<rustc_middle::mir::interpret::value::Scalar>::assert_scalar_int
FNDA:0,<rustc_middle::mir::interpret::value::Scalar<rustc_middle::mir::interpret::AllocId> as core::fmt::Debug>::fmt
FNF:5
FNH:0
BRF:0
BRH:0
DA:42,0
DA:43,0
DA:44,0
DA:45,0
DA:47,0
DA:51,0
DA:52,0
DA:53,0
DA:54,0
DA:56,0
DA:294,0
DA:295,0
DA:296,0
DA:297,0
DA:298,0
DA:299,0
DA:302,0
DA:304,0
DA:308,0
DA:324,0
DA:325,0
DA:326,0
LF:22
LH:0
end_of_record
SF:compiler/rustc_middle/src/lint.rs
FN:302,rustc_middle::lint::lint_level::<rustdoc::core::run_global_ctxt::{closure#5}>
FN:302,rustc_middle::lint::lint_level::<<rustdoc::html::markdown::ExtraInfo>::error_invalid_codeblock_attr_with_help<alloc::string::String, <rustdoc::html::markdown::LangString>::parse::{closure#0}::{closure#1}>::{closure#0}>
FN:302,rustc_middle::lint::lint_level::<rustdoc::passes::collect_intra_doc_links::report_diagnostic<alloc::string::String, rustdoc::passes::collect_intra_doc_links::privacy_error::{closure#0}>::{closure#0}>
FN:302,rustc_middle::lint::lint_level::<rustdoc::passes::collect_intra_doc_links::report_diagnostic<alloc::string::String, rustdoc::passes::collect_intra_doc_links::anchor_failure::{closure#0}>::{closure#0}>
FN:302,rustc_middle::lint::lint_level::<rustdoc::passes::lint::redundant_explicit_links::check_reference_redundancy::{closure#0}>
FN:302,rustc_middle::lint::lint_level::<rustdoc::passes::lint::redundant_explicit_links::check_inline_or_reference_unknown_redundancy::{closure#0}>
FN:302,rustc_middle::lint::lint_level::<<rustdoc::html::markdown::ExtraInfo>::error_invalid_codeblock_attr<alloc::string::String>::{closure#0}>
FN:302,rustc_middle::lint::lint_level::<rustdoc::passes::collect_intra_doc_links::report_diagnostic<alloc::string::String, rustdoc::passes::collect_intra_doc_links::resolution_failure::{closure#0}>::{closure#0}>
FN:302,rustc_middle::lint::lint_level::<rustdoc::passes::lint::bare_urls::visit_item::{closure#0}::{closure#2}>
FN:302,rustc_middle::lint::lint_level::<<rustdoc::html::markdown::ExtraInfo>::error_invalid_codeblock_attr_with_help<alloc::string::String, <rustdoc::html::markdown::LangString>::parse::{closure#0}::{closure#0}>::{closure#0}>
FN:302,rustc_middle::lint::lint_level::<rustdoc::passes::collect_intra_doc_links::report_diagnostic<alloc::string::String, <rustdoc::passes::collect_intra_doc_links::LinkCollector>::resolve_ambiguities::{closure#1}>::{closure#0}>
FN:302,rustc_middle::lint::lint_level::<<rustdoc::html::markdown::ExtraInfo>::error_invalid_codeblock_attr<&str>::{closure#0}>
FN:302,rustc_middle::lint::lint_level::<rustdoc::passes::lint::html_tags::visit_item::{closure#0}::{closure#0}>
FN:302,rustc_middle::lint::lint_level::<rustdoc::passes::check_doc_test_visibility::look_for_tests::{closure#0}>
FN:302,rustc_middle::lint::lint_level::<rustdoc::passes::collect_intra_doc_links::report_diagnostic<alloc::string::String, rustdoc::passes::collect_intra_doc_links::ambiguity_error::{closure#3}>::{closure#0}>
FN:302,rustc_middle::lint::lint_level::<rustdoc::passes::collect_intra_doc_links::report_diagnostic<alloc::string::String, rustdoc::passes::collect_intra_doc_links::report_malformed_generics::{closure#0}>::{closure#0}>
FN:302,rustc_middle::lint::lint_level::<rustdoc::passes::lint::unescaped_backticks::visit_item::{closure#1}>
FN:302,rustc_middle::lint::lint_level::<rustdoc::passes::collect_intra_doc_links::report_diagnostic<alloc::string::String, <rustdoc::passes::collect_intra_doc_links::LinkCollector>::report_disambiguator_mismatch::{closure#0}>::{closure#0}>
FN:302,rustc_middle::lint::lint_level::<rustdoc::passes::check_doc_test_visibility::look_for_tests::{closure#1}>
FN:302,rustc_middle::lint::lint_level::<<rustdoc::passes::check_doc_cfg::RustdocCfgMatchesLintEmitter as rustc_attr_parsing::attributes::cfg_old::CfgMatchesLintEmitter>::emit_span_lint::{closure#0}>
FN:302,rustc_middle::lint::lint_level::<rustdoc::passes::lint::check_code_block_syntax::check_rust_syntax::{closure#5}>
FN:302,rustc_middle::lint::lint_level::<rustdoc::passes::collect_intra_doc_links::report_diagnostic<alloc::string::String, rustdoc::passes::collect_intra_doc_links::disambiguator_error<alloc::string::String>::{closure#0}>::{closure#0}>
FNDA:0,rustc_middle::lint::lint_level::<rustdoc::core::run_global_ctxt::{closure#5}>
FNDA:0,rustc_middle::lint::lint_level::<<rustdoc::html::markdown::ExtraInfo>::error_invalid_codeblock_attr_with_help<alloc::string::String, <rustdoc::html::markdown::LangString>::parse::{closure#0}::{closure#1}>::{closure#0}>
FNDA:0,rustc_middle::lint::lint_level::<rustdoc::passes::collect_intra_doc_links::report_diagnostic<alloc::string::String, rustdoc::passes::collect_intra_doc_links::privacy_error::{closure#0}>::{closure#0}>
FNDA:0,rustc_middle::lint::lint_level::<rustdoc::passes::collect_intra_doc_links::report_diagnostic<alloc::string::String, rustdoc::passes::collect_intra_doc_links::anchor_failure::{closure#0}>::{closure#0}>
FNDA:0,rustc_middle::lint::lint_level::<rustdoc::passes::lint::redundant_explicit_links::check_reference_redundancy::{closure#0}>
FNDA:0,rustc_middle::lint::lint_level::<rustdoc::passes::lint::redundant_explicit_links::check_inline_or_reference_unknown_redundancy::{closure#0}>
FNDA:0,rustc_middle::lint::lint_level::<<rustdoc::html::markdown::ExtraInfo>::error_invalid_codeblock_attr<alloc::string::String>::{closure#0}>
FNDA:0,rustc_middle::lint::lint_level::<rustdoc::passes::collect_intra_doc_links::report_diagnostic<alloc::string::String, rustdoc::passes::collect_intra_doc_links::resolution_failure::{closure#0}>::{closure#0}>
FNDA:0,rustc_middle::lint::lint_level::<rustdoc::passes::lint::bare_urls::visit_item::{closure#0}::{closure#2}>
FNDA:0,rustc_middle::lint::lint_level::<<rustdoc::html::markdown::ExtraInfo>::error_invalid_codeblock_attr_with_help<alloc::string::String, <rustdoc::html::markdown::LangString>::parse::{closure#0}::{closure#0}>::{closure#0}>
FNDA:0,rustc_middle::lint::lint_level::<rustdoc::passes::collect_intra_doc_links::report_diagnostic<alloc::string::String, <rustdoc::passes::collect_intra_doc_links::LinkCollector>::resolve_ambiguities::{closure#1}>::{closure#0}>
FNDA:0,rustc_middle::lint::lint_level::<<rustdoc::html::markdown::ExtraInfo>::error_invalid_codeblock_attr<&str>::{closure#0}>
FNDA:0,rustc_middle::lint::lint_level::<rustdoc::passes::lint::html_tags::visit_item::{closure#0}::{closure#0}>
FNDA:0,rustc_middle::lint::lint_level::<rustdoc::passes::check_doc_test_visibility::look_for_tests::{closure#0}>
FNDA:0,rustc_middle::lint::lint_level::<rustdoc::passes::collect_intra_doc_links::report_diagnostic<alloc::string::String, rustdoc::passes::collect_intra_doc_links::ambiguity_error::{closure#3}>::{closure#0}>
FNDA:0,rustc_middle::lint::lint_level::<rustdoc::passes::collect_intra_doc_links::report_diagnostic<alloc::string::String, rustdoc::passes::collect_intra_doc_links::report_malformed_generics::{closure#0}>::{closure#0}>
FNDA:0,rustc_middle::lint::lint_level::<rustdoc::passes::lint::unescaped_backticks::visit_item::{closure#1}>
FNDA:0,rustc_middle::lint::lint_level::<rustdoc::passes::collect_intra_doc_links::report_diagnostic<alloc::string::String, <rustdoc::passes::collect_intra_doc_links::LinkCollector>::report_disambiguator_mismatch::{closure#0}>::{closure#0}>
FNDA:0,rustc_middle::lint::lint_level::<rustdoc::passes::check_doc_test_visibility::look_for_tests::{closure#1}>
FNDA:0,rustc_middle::lint::lint_level::<<rustdoc::passes::check_doc_cfg::RustdocCfgMatchesLintEmitter as rustc_attr_parsing::attributes::cfg_old::CfgMatchesLintEmitter>::emit_span_lint::{closure#0}>
FNDA:0,rustc_middle::lint::lint_level::<rustdoc::passes::lint::check_code_block_syntax::check_rust_syntax::{closure#5}>
FNDA:0,rustc_middle::lint::lint_level::<rustdoc::passes::collect_intra_doc_links::report_diagnostic<alloc::string::String, rustdoc::passes::collect_intra_doc_links::disambiguator_error<alloc::string::String>::{closure#0}>::{closure#0}>
FNF:22
FNH:0
BRF:0
BRH:0
DA:302,0
DA:303,0
DA:304,0
DA:305,0
DA:306,0
DA:307,0
DA:308,0
DA:458,0
DA:459,0
LF:9
LH:0
end_of_record
SF:compiler/rustc_middle/src/ty/consts.rs
FN:68,<rustc_middle::ty::consts::Const>::new
FN:50,<rustc_middle::ty::consts::Const>::kind
FN:102,<rustc_middle::ty::consts::Const>::new_placeholder
FN:39,<rustc_middle::ty::consts::Const as rustc_type_ir::visit::Flags>::flags
FN:33,<rustc_middle::ty::consts::Const as rustc_type_ir::inherent::IntoKind>::kind
FN:43,<rustc_middle::ty::consts::Const as rustc_type_ir::visit::Flags>::outer_exclusive_binder
FNDA:1,<rustc_middle::ty::consts::Const>::new
FNDA:1,<rustc_middle::ty::consts::Const>::kind
FNDA:0,<rustc_middle::ty::consts::Const>::new_placeholder
FNDA:1,<rustc_middle::ty::consts::Const as rustc_type_ir::visit::Flags>::flags
FNDA:1,<rustc_middle::ty::consts::Const as rustc_type_ir::inherent::IntoKind>::kind
FNDA:1,<rustc_middle::ty::consts::Const as rustc_type_ir::visit::Flags>::outer_exclusive_binder
FNF:6
FNH:5
BRF:0
BRH:0
DA:33,2345
DA:34,2345
DA:35,2345
DA:39,2655
DA:40,2655
DA:41,2655
DA:43,1068
DA:44,1068
DA:45,1068
DA:50,16584
DA:51,16584
DA:52,16584
DA:53,16584
DA:68,875
DA:69,875
DA:70,875
DA:102,0
DA:103,0
DA:104,0
LF:19
LH:16
end_of_record
SF:compiler/rustc_middle/src/ty/erase_regions.rs
FN:22,<rustc_middle::ty::context::TyCtxt>::erase_and_anonymize_regions::<rustc_middle::ty::consts::Const>
FNDA:0,<rustc_middle::ty::context::TyCtxt>::erase_and_anonymize_regions::<rustc_middle::ty::consts::Const>
FNF:1
FNH:0
BRF:0
BRH:0
DA:22,0
DA:23,0
DA:24,0
DA:27,0
DA:28,0
DA:29,0
DA:30,0
DA:31,0
DA:32,0
DA:33,0
DA:34,0
LF:11
LH:0
end_of_record
SF:compiler/rustc_middle/src/ty/consts/valtree.rs
FN:47,<rustc_middle::ty::consts::valtree::ValTreeKind>::unwrap_leaf
FN:118,<rustc_middle::ty::consts::valtree::ValTree as core::ops::deref::Deref>::deref
FN:202,<rustc_middle::ty::consts::valtree::Value as rustc_type_ir::inherent::ValueConst<rustc_middle::ty::context::TyCtxt>>::ty
FN:206,<rustc_middle::ty::consts::valtree::Value as rustc_type_ir::inherent::ValueConst<rustc_middle::ty::context::TyCtxt>>::valtree
FNDA:1,<rustc_middle::ty::consts::valtree::ValTreeKind>::unwrap_leaf
FNDA:1,<rustc_middle::ty::consts::valtree::ValTree as core::ops::deref::Deref>::deref
FNDA:1,<rustc_middle::ty::consts::valtree::Value as rustc_type_ir::inherent::ValueConst<rustc_middle::ty::context::TyCtxt>>::ty
FNDA:1,<rustc_middle::ty::consts::valtree::Value as rustc_type_ir::inherent::ValueConst<rustc_middle::ty::context::TyCtxt>>::valtree
FNF:4
FNH:4
BRF:0
BRH:0
DA:47,1249
DA:48,1249
DA:49,1249
DA:50,0
DA:52,1249
DA:118,1834
DA:119,1834
DA:120,1834
DA:202,225
DA:203,225
DA:204,225
DA:206,1334
DA:207,1334
DA:208,1334
LF:14
LH:13
end_of_record
SF:compiler/rustc_middle/src/ty/elaborate_impl.rs
FN:11,<rustc_middle::ty::predicate::Clause as rustc_type_ir::elaborate::Elaboratable<rustc_middle::ty::context::TyCtxt>>::child
FN:27,<rustc_middle::ty::predicate::Predicate as rustc_type_ir::elaborate::Elaboratable<rustc_middle::ty::context::TyCtxt>>::predicate
FN:15,<rustc_middle::ty::predicate::Clause as rustc_type_ir::elaborate::Elaboratable<rustc_middle::ty::context::TyCtxt>>::child_with_derived_cause
FN:31,<rustc_middle::ty::predicate::Predicate as rustc_type_ir::elaborate::Elaboratable<rustc_middle::ty::context::TyCtxt>>::child
FN:7,<rustc_middle::ty::predicate::Clause as rustc_type_ir::elaborate::Elaboratable<rustc_middle::ty::context::TyCtxt>>::predicate
FN:35,<rustc_middle::ty::predicate::Predicate as rustc_type_ir::elaborate::Elaboratable<rustc_middle::ty::context::TyCtxt>>::child_with_derived_cause
FNDA:1,<rustc_middle::ty::predicate::Clause as rustc_type_ir::elaborate::Elaboratable<rustc_middle::ty::context::TyCtxt>>::child
FNDA:0,<rustc_middle::ty::predicate::Predicate as rustc_type_ir::elaborate::Elaboratable<rustc_middle::ty::context::TyCtxt>>::predicate
FNDA:1,<rustc_middle::ty::predicate::Clause as rustc_type_ir::elaborate::Elaboratable<rustc_middle::ty::context::TyCtxt>>::child_with_derived_cause
FNDA:0,<rustc_middle::ty::predicate::Predicate as rustc_type_ir::elaborate::Elaboratable<rustc_middle::ty::context::TyCtxt>>::child
FNDA:1,<rustc_middle::ty::predicate::Clause as rustc_type_ir::elaborate::Elaboratable<rustc_middle::ty::context::TyCtxt>>::predicate
FNDA:0,<rustc_middle::ty::predicate::Predicate as rustc_type_ir::elaborate::Elaboratable<rustc_middle::ty::context::TyCtxt>>::child_with_derived_cause
FNF:6
FNH:3
BRF:0
BRH:0
DA:7,2867
DA:8,2867
DA:9,2867
DA:11,3
DA:12,3
DA:13,3
DA:15,236
DA:16,236
DA:17,236
DA:18,236
DA:19,236
DA:20,236
DA:21,236
DA:22,236
DA:23,236
DA:27,0
DA:28,0
DA:29,0
DA:31,0
DA:32,0
DA:33,0
DA:35,0
DA:36,0
DA:37,0
DA:38,0
DA:39,0
DA:40,0
DA:41,0
DA:42,0
DA:43,0
LF:30
LH:15
end_of_record
SF:compiler/rustc_middle/src/ty/list.rs
FN:68,<rustc_middle::ty::list::RawList<(), rustc_middle::ty::pattern::Pattern>>::len
FN:253,<&rustc_middle::ty::list::RawList<(), (rustc_type_ir::opaque_ty::OpaqueTypeKey<rustc_middle::ty::context::TyCtxt>, rustc_middle::ty::Ty)> as core::iter::traits::collect::IntoIterator>::into_iter
FN:185,<rustc_middle::ty::list::RawList<(), rustc_type_ir::canonical::CanonicalVarKind<rustc_middle::ty::context::TyCtxt>> as core::cmp::PartialEq>::eq
FN:68,<rustc_middle::ty::list::RawList<(), rustc_middle::ty::Ty>>::len
FN:137,<&rustc_middle::ty::list::RawList<(), rustc_middle::ty::Ty> as rustc_type_ir::inherent::SliceLike>::iter
FN:124,<rustc_middle::ty::list::RawList<(), rustc_type_ir::canonical::CanonicalVarKind<rustc_middle::ty::context::TyCtxt>>>::iter
FN:253,<&rustc_middle::ty::list::RawList<(), rustc_middle::ty::Ty> as core::iter::traits::collect::IntoIterator>::into_iter
FN:232,<rustc_middle::ty::list::RawList<(), rustc_middle::ty::pattern::Pattern> as core::ops::deref::Deref>::deref
FN:73,<rustc_middle::ty::list::RawList<(), (rustc_type_ir::opaque_ty::OpaqueTypeKey<rustc_middle::ty::context::TyCtxt>, rustc_middle::ty::Ty)>>::as_slice
FN:73,<rustc_middle::ty::list::RawList<rustc_middle::ty::list::TypeInfo, rustc_middle::ty::predicate::Clause>>::as_slice
FN:239,<rustc_middle::ty::list::RawList<rustc_middle::ty::list::TypeInfo, rustc_middle::ty::predicate::Clause> as core::convert::AsRef<[rustc_middle::ty::predicate::Clause]>>::as_ref
FN:239,<rustc_middle::ty::list::RawList<(), rustc_type_ir::predicate::OutlivesPredicate<rustc_middle::ty::context::TyCtxt, rustc_middle::ty::generic_args::GenericArg>> as core::convert::AsRef<[rustc_type_ir::predicate::OutlivesPredicate<rustc_middle::ty::context::TyCtxt, rustc_middle::ty::generic_args::GenericArg>]>>::as_ref
FN:124,<rustc_middle::ty::list::RawList<(), rustc_middle::ty::Ty>>::iter
FN:232,<rustc_middle::ty::list::RawList<(), rustc_middle::ty::Ty> as core::ops::deref::Deref>::deref
FN:171,<rustc_middle::ty::list::RawList<(), rustc_middle::ty::sty::BoundVariableKind> as core::fmt::Debug>::fmt
FN:151,<rustc_middle::ty::list::RawList<(), rustc_span::def_id::LocalDefId>>::empty
FN:68,<rustc_middle::ty::list::RawList<(), rustc_type_ir::canonical::CanonicalVarKind<rustc_middle::ty::context::TyCtxt>>>::len
FN:137,<&rustc_middle::ty::list::RawList<(), rustc_type_ir::binder::Binder<rustc_middle::ty::context::TyCtxt, rustc_type_ir::predicate::ExistentialPredicate<rustc_middle::ty::context::TyCtxt>>> as rustc_type_ir::inherent::SliceLike>::iter
FN:232,<rustc_middle::ty::list::RawList<(), rustc_type_ir::predicate::OutlivesPredicate<rustc_middle::ty::context::TyCtxt, rustc_middle::ty::generic_args::GenericArg>> as core::ops::deref::Deref>::deref
FN:232,<rustc_middle::ty::list::RawList<(), rustc_type_ir::binder::Binder<rustc_middle::ty::context::TyCtxt, rustc_type_ir::predicate::ExistentialPredicate<rustc_middle::ty::context::TyCtxt>>> as core::ops::deref::Deref>::deref
FN:185,<rustc_middle::ty::list::RawList<(), rustc_middle::ty::pattern::Pattern> as core::cmp::PartialEq>::eq
FN:55,<&rustc_middle::ty::list::RawList<(), rustc_middle::ty::Ty> as core::default::Default>::default
FN:232,<rustc_middle::ty::list::RawList<(), (rustc_type_ir::opaque_ty::OpaqueTypeKey<rustc_middle::ty::context::TyCtxt>, rustc_middle::ty::Ty)> as core::ops::deref::Deref>::deref
FN:171,<rustc_middle::ty::list::RawList<(), rustc_middle::ty::Ty> as core::fmt::Debug>::fmt
FN:239,<rustc_middle::ty::list::RawList<(), rustc_type_ir::canonical::CanonicalVarKind<rustc_middle::ty::context::TyCtxt>> as core::convert::AsRef<[rustc_type_ir::canonical::CanonicalVarKind<rustc_middle::ty::context::TyCtxt>]>>::as_ref
FN:253,<&rustc_middle::ty::list::RawList<rustc_middle::ty::list::TypeInfo, rustc_middle::ty::predicate::Clause> as core::iter::traits::collect::IntoIterator>::into_iter
FN:222,<rustc_middle::ty::list::RawList<(), (rustc_type_ir::opaque_ty::OpaqueTypeKey<rustc_middle::ty::context::TyCtxt>, rustc_middle::ty::Ty)> as core::hash::Hash>::hash::<rustc_hash::FxHasher>
FN:185,<rustc_middle::ty::list::RawList<(), rustc_middle::ty::Ty> as core::cmp::PartialEq>::eq
FN:124,<rustc_middle::ty::list::RawList<(), rustc_middle::ty::generic_args::GenericArg>>::iter
FN:137,<&rustc_middle::ty::list::RawList<(), rustc_middle::ty::generic_args::GenericArg> as rustc_type_ir::inherent::SliceLike>::iter
FN:222,<rustc_middle::ty::list::RawList<(), rustc_middle::ty::sty::BoundVariableKind> as core::hash::Hash>::hash::<rustc_hash::FxHasher>
FN:253,<&rustc_middle::ty::list::RawList<(), rustc_middle::ty::generic_args::GenericArg> as core::iter::traits::collect::IntoIterator>::into_iter
FN:151,<rustc_middle::ty::list::RawList<(), rustc_middle::ty::sty::BoundVariableKind>>::empty
FN:124,<rustc_middle::ty::list::RawList<rustc_middle::ty::list::TypeInfo, rustc_middle::ty::predicate::Clause>>::iter
FN:222,<rustc_middle::ty::list::RawList<(), rustc_middle::ty::generic_args::GenericArg> as core::hash::Hash>::hash::<rustc_hash::FxHasher>
FN:239,<rustc_middle::ty::list::RawList<(), rustc_middle::ty::Ty> as core::convert::AsRef<[rustc_middle::ty::Ty]>>::as_ref
FN:171,<rustc_middle::ty::list::RawList<(), rustc_type_ir::predicate::OutlivesPredicate<rustc_middle::ty::context::TyCtxt, rustc_middle::ty::generic_args::GenericArg>> as core::fmt::Debug>::fmt
FN:141,<&rustc_middle::ty::list::RawList<(), rustc_middle::ty::sty::BoundVariableKind> as rustc_type_ir::inherent::SliceLike>::as_slice
FN:185,<rustc_middle::ty::list::RawList<rustc_middle::ty::list::TypeInfo, rustc_middle::ty::predicate::Clause> as core::cmp::PartialEq>::eq
FN:151,<rustc_middle::ty::list::RawList<(), rustc_middle::ty::generic_args::GenericArg>>::empty
FN:171,<rustc_middle::ty::list::RawList<(), rustc_type_ir::binder::Binder<rustc_middle::ty::context::TyCtxt, rustc_type_ir::predicate::ExistentialPredicate<rustc_middle::ty::context::TyCtxt>>> as core::fmt::Debug>::fmt
FN:253,<&rustc_middle::ty::list::RawList<(), rustc_middle::ty::pattern::Pattern> as core::iter::traits::collect::IntoIterator>::into_iter
FN:73,<rustc_middle::ty::list::RawList<(), rustc_type_ir::canonical::CanonicalVarKind<rustc_middle::ty::context::TyCtxt>>>::as_slice
FN:55,<&rustc_middle::ty::list::RawList<(), rustc_middle::ty::sty::BoundVariableKind> as core::default::Default>::default
FN:232,<rustc_middle::ty::list::RawList<(), rustc_type_ir::canonical::CanonicalVarKind<rustc_middle::ty::context::TyCtxt>> as core::ops::deref::Deref>::deref
FN:137,<&rustc_middle::ty::list::RawList<(), rustc_type_ir::canonical::CanonicalVarKind<rustc_middle::ty::context::TyCtxt>> as rustc_type_ir::inherent::SliceLike>::iter
FN:171,<rustc_middle::ty::list::RawList<(), rustc_middle::ty::generic_args::GenericArg> as core::fmt::Debug>::fmt
FN:73,<rustc_middle::ty::list::RawList<(), rustc_middle::ty::generic_args::GenericArg>>::as_slice
FN:171,<rustc_middle::ty::list::RawList<(), (rustc_type_ir::opaque_ty::OpaqueTypeKey<rustc_middle::ty::context::TyCtxt>, rustc_middle::ty::Ty)> as core::fmt::Debug>::fmt
FN:232,<rustc_middle::ty::list::RawList<(), rustc_middle::ty::sty::BoundVariableKind> as core::ops::deref::Deref>::deref
FN:55,<&rustc_middle::ty::list::RawList<(), rustc_type_ir::canonical::CanonicalVarKind<rustc_middle::ty::context::TyCtxt>> as core::default::Default>::default
FN:124,<rustc_middle::ty::list::RawList<(), (rustc_type_ir::opaque_ty::OpaqueTypeKey<rustc_middle::ty::context::TyCtxt>, rustc_middle::ty::Ty)>>::iter
FN:239,<rustc_middle::ty::list::RawList<(), rustc_span::def_id::LocalDefId> as core::convert::AsRef<[rustc_span::def_id::LocalDefId]>>::as_ref
FN:137,<&rustc_middle::ty::list::RawList<rustc_middle::ty::list::TypeInfo, rustc_middle::ty::predicate::Clause> as rustc_type_ir::inherent::SliceLike>::iter
FN:185,<rustc_middle::ty::list::RawList<(), rustc_middle::ty::generic_args::GenericArg> as core::cmp::PartialEq>::eq
FN:185,<rustc_middle::ty::list::RawList<(), (rustc_type_ir::opaque_ty::OpaqueTypeKey<rustc_middle::ty::context::TyCtxt>, rustc_middle::ty::Ty)> as core::cmp::PartialEq>::eq
FN:151,<rustc_middle::ty::list::RawList<(), rustc_middle::ty::Ty>>::empty
FN:73,<rustc_middle::ty::list::RawList<(), rustc_middle::ty::sty::BoundVariableKind>>::as_slice
FN:171,<rustc_middle::ty::list::RawList<(), rustc_type_ir::canonical::CanonicalVarKind<rustc_middle::ty::context::TyCtxt>> as core::fmt::Debug>::fmt
FN:141,<&rustc_middle::ty::list::RawList<(), (rustc_type_ir::opaque_ty::OpaqueTypeKey<rustc_middle::ty::context::TyCtxt>, rustc_middle::ty::Ty)> as rustc_type_ir::inherent::SliceLike>::as_slice
FN:239,<rustc_middle::ty::list::RawList<(), rustc_middle::ty::pattern::Pattern> as core::convert::AsRef<[rustc_middle::ty::pattern::Pattern]>>::as_ref
FN:68,<rustc_middle::ty::list::RawList<(), rustc_middle::ty::sty::BoundVariableKind>>::len
FN:73,<rustc_middle::ty::list::RawList<(), rustc_middle::ty::Ty>>::as_slice
FN:151,<rustc_middle::ty::list::RawList<rustc_middle::ty::list::TypeInfo, rustc_middle::ty::predicate::Clause>>::empty
FN:124,<rustc_middle::ty::list::RawList<(), rustc_type_ir::binder::Binder<rustc_middle::ty::context::TyCtxt, rustc_type_ir::predicate::ExistentialPredicate<rustc_middle::ty::context::TyCtxt>>>>::iter
FN:171,<rustc_middle::ty::list::RawList<rustc_middle::ty::list::TypeInfo, rustc_middle::ty::predicate::Clause> as core::fmt::Debug>::fmt
FN:239,<rustc_middle::ty::list::RawList<(), (rustc_type_ir::opaque_ty::OpaqueTypeKey<rustc_middle::ty::context::TyCtxt>, rustc_middle::ty::Ty)> as core::convert::AsRef<[(rustc_type_ir::opaque_ty::OpaqueTypeKey<rustc_middle::ty::context::TyCtxt>, rustc_middle::ty::Ty)]>>::as_ref
FN:222,<rustc_middle::ty::list::RawList<(), rustc_span::def_id::LocalDefId> as core::hash::Hash>::hash::<rustc_hash::FxHasher>
FN:253,<&rustc_middle::ty::list::RawList<(), rustc_type_ir::canonical::CanonicalVarKind<rustc_middle::ty::context::TyCtxt>> as core::iter::traits::collect::IntoIterator>::into_iter
FN:239,<rustc_middle::ty::list::RawList<(), rustc_middle::ty::generic_args::GenericArg> as core::convert::AsRef<[rustc_middle::ty::generic_args::GenericArg]>>::as_ref
FN:222,<rustc_middle::ty::list::RawList<rustc_middle::ty::list::TypeInfo, rustc_middle::ty::predicate::Clause> as core::hash::Hash>::hash::<rustc_hash::FxHasher>
FN:141,<&rustc_middle::ty::list::RawList<(), rustc_middle::ty::Ty> as rustc_type_ir::inherent::SliceLike>::as_slice
FN:239,<rustc_middle::ty::list::RawList<(), rustc_middle::ty::sty::BoundVariableKind> as core::convert::AsRef<[rustc_middle::ty::sty::BoundVariableKind]>>::as_ref
FN:141,<&rustc_middle::ty::list::RawList<(), rustc_type_ir::canonical::CanonicalVarKind<rustc_middle::ty::context::TyCtxt>> as rustc_type_ir::inherent::SliceLike>::as_slice
FN:55,<&rustc_middle::ty::list::RawList<(), rustc_span::def_id::LocalDefId> as core::default::Default>::default
FN:253,<&rustc_middle::ty::list::RawList<(), rustc_type_ir::binder::Binder<rustc_middle::ty::context::TyCtxt, rustc_type_ir::predicate::ExistentialPredicate<rustc_middle::ty::context::TyCtxt>>> as core::iter::traits::collect::IntoIterator>::into_iter
FN:276,<rustc_middle::ty::list::RawList<rustc_middle::ty::list::TypeInfo, rustc_middle::ty::predicate::Clause>>::flags
FN:141,<&rustc_middle::ty::list::RawList<(), rustc_middle::ty::generic_args::GenericArg> as rustc_type_ir::inherent::SliceLike>::as_slice
FN:68,<rustc_middle::ty::list::RawList<(), rustc_middle::ty::generic_args::GenericArg>>::len
FN:171,<rustc_middle::ty::list::RawList<(), rustc_span::def_id::LocalDefId> as core::fmt::Debug>::fmt
FN:232,<rustc_middle::ty::list::RawList<rustc_middle::ty::list::TypeInfo, rustc_middle::ty::predicate::Clause> as core::ops::deref::Deref>::deref
FN:73,<rustc_middle::ty::list::RawList<(), rustc_span::def_id::LocalDefId>>::as_slice
FN:185,<rustc_middle::ty::list::RawList<(), rustc_type_ir::binder::Binder<rustc_middle::ty::context::TyCtxt, rustc_type_ir::predicate::ExistentialPredicate<rustc_middle::ty::context::TyCtxt>>> as core::cmp::PartialEq>::eq
FN:232,<rustc_middle::ty::list::RawList<(), rustc_span::def_id::LocalDefId> as core::ops::deref::Deref>::deref
FN:185,<rustc_middle::ty::list::RawList<(), rustc_span::def_id::LocalDefId> as core::cmp::PartialEq>::eq
FN:253,<&rustc_middle::ty::list::RawList<(), rustc_middle::ty::sty::BoundVariableKind> as core::iter::traits::collect::IntoIterator>::into_iter
FN:137,<&rustc_middle::ty::list::RawList<(), (rustc_type_ir::opaque_ty::OpaqueTypeKey<rustc_middle::ty::context::TyCtxt>, rustc_middle::ty::Ty)> as rustc_type_ir::inherent::SliceLike>::iter
FN:239,<rustc_middle::ty::list::RawList<(), rustc_type_ir::binder::Binder<rustc_middle::ty::context::TyCtxt, rustc_type_ir::predicate::ExistentialPredicate<rustc_middle::ty::context::TyCtxt>>> as core::convert::AsRef<[rustc_type_ir::binder::Binder<rustc_middle::ty::context::TyCtxt, rustc_type_ir::predicate::ExistentialPredicate<rustc_middle::ty::context::TyCtxt>>]>>::as_ref
FN:68,<rustc_middle::ty::list::RawList<(), rustc_type_ir::binder::Binder<rustc_middle::ty::context::TyCtxt, rustc_type_ir::predicate::ExistentialPredicate<rustc_middle::ty::context::TyCtxt>>>>::len
FN:232,<rustc_middle::ty::list::RawList<(), rustc_middle::ty::generic_args::GenericArg> as core::ops::deref::Deref>::deref
FN:185,<rustc_middle::ty::list::RawList<(), rustc_middle::ty::sty::BoundVariableKind> as core::cmp::PartialEq>::eq
FN:55,<&rustc_middle::ty::list::RawList<(), rustc_middle::ty::generic_args::GenericArg> as core::default::Default>::default
FN:222,<rustc_middle::ty::list::RawList<(), rustc_type_ir::canonical::CanonicalVarKind<rustc_middle::ty::context::TyCtxt>> as core::hash::Hash>::hash::<rustc_hash::FxHasher>
FN:151,<rustc_middle::ty::list::RawList<(), rustc_type_ir::canonical::CanonicalVarKind<rustc_middle::ty::context::TyCtxt>>>::empty
FN:141,<&rustc_middle::ty::list::RawList<(), rustc_span::def_id::LocalDefId> as rustc_type_ir::inherent::SliceLike>::as_slice
FNDA:0,<rustc_middle::ty::list::RawList<(), rustc_middle::ty::pattern::Pattern>>::len
FNDA:0,<&rustc_middle::ty::list::RawList<(), (rustc_type_ir::opaque_ty::OpaqueTypeKey<rustc_middle::ty::context::TyCtxt>, rustc_middle::ty::Ty)> as core::iter::traits::collect::IntoIterator>::into_iter
FNDA:0,<rustc_middle::ty::list::RawList<(), rustc_type_ir::canonical::CanonicalVarKind<rustc_middle::ty::context::TyCtxt>> as core::cmp::PartialEq>::eq
FNDA:0,<rustc_middle::ty::list::RawList<(), rustc_middle::ty::Ty>>::len
FNDA:0,<&rustc_middle::ty::list::RawList<(), rustc_middle::ty::Ty> as rustc_type_ir::inherent::SliceLike>::iter
FNDA:0,<rustc_middle::ty::list::RawList<(), rustc_type_ir::canonical::CanonicalVarKind<rustc_middle::ty::context::TyCtxt>>>::iter
FNDA:0,<&rustc_middle::ty::list::RawList<(), rustc_middle::ty::Ty> as core::iter::traits::collect::IntoIterator>::into_iter
FNDA:0,<rustc_middle::ty::list::RawList<(), rustc_middle::ty::pattern::Pattern> as core::ops::deref::Deref>::deref
FNDA:0,<rustc_middle::ty::list::RawList<(), (rustc_type_ir::opaque_ty::OpaqueTypeKey<rustc_middle::ty::context::TyCtxt>, rustc_middle::ty::Ty)>>::as_slice
FNDA:0,<rustc_middle::ty::list::RawList<rustc_middle::ty::list::TypeInfo, rustc_middle::ty::predicate::Clause>>::as_slice
FNDA:0,<rustc_middle::ty::list::RawList<rustc_middle::ty::list::TypeInfo, rustc_middle::ty::predicate::Clause> as core::convert::AsRef<[rustc_middle::ty::predicate::Clause]>>::as_ref
FNDA:0,<rustc_middle::ty::list::RawList<(), rustc_type_ir::predicate::OutlivesPredicate<rustc_middle::ty::context::TyCtxt, rustc_middle::ty::generic_args::GenericArg>> as core::convert::AsRef<[rustc_type_ir::predicate::OutlivesPredicate<rustc_middle::ty::context::TyCtxt, rustc_middle::ty::generic_args::GenericArg>]>>::as_ref
FNDA:0,<rustc_middle::ty::list::RawList<(), rustc_middle::ty::Ty>>::iter
FNDA:0,<rustc_middle::ty::list::RawList<(), rustc_middle::ty::Ty> as core::ops::deref::Deref>::deref
FNDA:0,<rustc_middle::ty::list::RawList<(), rustc_middle::ty::sty::BoundVariableKind> as core::fmt::Debug>::fmt
FNDA:0,<rustc_middle::ty::list::RawList<(), rustc_span::def_id::LocalDefId>>::empty
FNDA:0,<rustc_middle::ty::list::RawList<(), rustc_type_ir::canonical::CanonicalVarKind<rustc_middle::ty::context::TyCtxt>>>::len
FNDA:0,<&rustc_middle::ty::list::RawList<(), rustc_type_ir::binder::Binder<rustc_middle::ty::context::TyCtxt, rustc_type_ir::predicate::ExistentialPredicate<rustc_middle::ty::context::TyCtxt>>> as rustc_type_ir::inherent::SliceLike>::iter
FNDA:0,<rustc_middle::ty::list::RawList<(), rustc_type_ir::predicate::OutlivesPredicate<rustc_middle::ty::context::TyCtxt, rustc_middle::ty::generic_args::GenericArg>> as core::ops::deref::Deref>::deref
FNDA:0,<rustc_middle::ty::list::RawList<(), rustc_type_ir::binder::Binder<rustc_middle::ty::context::TyCtxt, rustc_type_ir::predicate::ExistentialPredicate<rustc_middle::ty::context::TyCtxt>>> as core::ops::deref::Deref>::deref
FNDA:0,<rustc_middle::ty::list::RawList<(), rustc_middle::ty::pattern::Pattern> as core::cmp::PartialEq>::eq
FNDA:0,<&rustc_middle::ty::list::RawList<(), rustc_middle::ty::Ty> as core::default::Default>::default
FNDA:0,<rustc_middle::ty::list::RawList<(), (rustc_type_ir::opaque_ty::OpaqueTypeKey<rustc_middle::ty::context::TyCtxt>, rustc_middle::ty::Ty)> as core::ops::deref::Deref>::deref
FNDA:0,<rustc_middle::ty::list::RawList<(), rustc_middle::ty::Ty> as core::fmt::Debug>::fmt
FNDA:0,<rustc_middle::ty::list::RawList<(), rustc_type_ir::canonical::CanonicalVarKind<rustc_middle::ty::context::TyCtxt>> as core::convert::AsRef<[rustc_type_ir::canonical::CanonicalVarKind<rustc_middle::ty::context::TyCtxt>]>>::as_ref
FNDA:0,<&rustc_middle::ty::list::RawList<rustc_middle::ty::list::TypeInfo, rustc_middle::ty::predicate::Clause> as core::iter::traits::collect::IntoIterator>::into_iter
FNDA:0,<rustc_middle::ty::list::RawList<(), (rustc_type_ir::opaque_ty::OpaqueTypeKey<rustc_middle::ty::context::TyCtxt>, rustc_middle::ty::Ty)> as core::hash::Hash>::hash::<rustc_hash::FxHasher>
FNDA:0,<rustc_middle::ty::list::RawList<(), rustc_middle::ty::Ty> as core::cmp::PartialEq>::eq
FNDA:0,<rustc_middle::ty::list::RawList<(), rustc_middle::ty::generic_args::GenericArg>>::iter
FNDA:0,<&rustc_middle::ty::list::RawList<(), rustc_middle::ty::generic_args::GenericArg> as rustc_type_ir::inherent::SliceLike>::iter
FNDA:0,<rustc_middle::ty::list::RawList<(), rustc_middle::ty::sty::BoundVariableKind> as core::hash::Hash>::hash::<rustc_hash::FxHasher>
FNDA:0,<&rustc_middle::ty::list::RawList<(), rustc_middle::ty::generic_args::GenericArg> as core::iter::traits::collect::IntoIterator>::into_iter
FNDA:0,<rustc_middle::ty::list::RawList<(), rustc_middle::ty::sty::BoundVariableKind>>::empty
FNDA:0,<rustc_middle::ty::list::RawList<rustc_middle::ty::list::TypeInfo, rustc_middle::ty::predicate::Clause>>::iter
FNDA:0,<rustc_middle::ty::list::RawList<(), rustc_middle::ty::generic_args::GenericArg> as core::hash::Hash>::hash::<rustc_hash::FxHasher>
FNDA:0,<rustc_middle::ty::list::RawList<(), rustc_middle::ty::Ty> as core::convert::AsRef<[rustc_middle::ty::Ty]>>::as_ref
FNDA:0,<rustc_middle::ty::list::RawList<(), rustc_type_ir::predicate::OutlivesPredicate<rustc_middle::ty::context::TyCtxt, rustc_middle::ty::generic_args::GenericArg>> as core::fmt::Debug>::fmt
FNDA:0,<&rustc_middle::ty::list::RawList<(), rustc_middle::ty::sty::BoundVariableKind> as rustc_type_ir::inherent::SliceLike>::as_slice
FNDA:0,<rustc_middle::ty::list::RawList<rustc_middle::ty::list::TypeInfo, rustc_middle::ty::predicate::Clause> as core::cmp::PartialEq>::eq
FNDA:0,<rustc_middle::ty::list::RawList<(), rustc_middle::ty::generic_args::GenericArg>>::empty
FNDA:0,<rustc_middle::ty::list::RawList<(), rustc_type_ir::binder::Binder<rustc_middle::ty::context::TyCtxt, rustc_type_ir::predicate::ExistentialPredicate<rustc_middle::ty::context::TyCtxt>>> as core::fmt::Debug>::fmt
FNDA:0,<&rustc_middle::ty::list::RawList<(), rustc_middle::ty::pattern::Pattern> as core::iter::traits::collect::IntoIterator>::into_iter
FNDA:0,<rustc_middle::ty::list::RawList<(), rustc_type_ir::canonical::CanonicalVarKind<rustc_middle::ty::context::TyCtxt>>>::as_slice
FNDA:0,<&rustc_middle::ty::list::RawList<(), rustc_middle::ty::sty::BoundVariableKind> as core::default::Default>::default
FNDA:0,<rustc_middle::ty::list::RawList<(), rustc_type_ir::canonical::CanonicalVarKind<rustc_middle::ty::context::TyCtxt>> as core::ops::deref::Deref>::deref
FNDA:0,<&rustc_middle::ty::list::RawList<(), rustc_type_ir::canonical::CanonicalVarKind<rustc_middle::ty::context::TyCtxt>> as rustc_type_ir::inherent::SliceLike>::iter
FNDA:0,<rustc_middle::ty::list::RawList<(), rustc_middle::ty::generic_args::GenericArg> as core::fmt::Debug>::fmt
FNDA:0,<rustc_middle::ty::list::RawList<(), rustc_middle::ty::generic_args::GenericArg>>::as_slice
FNDA:0,<rustc_middle::ty::list::RawList<(), (rustc_type_ir::opaque_ty::OpaqueTypeKey<rustc_middle::ty::context::TyCtxt>, rustc_middle::ty::Ty)> as core::fmt::Debug>::fmt
FNDA:0,<rustc_middle::ty::list::RawList<(), rustc_middle::ty::sty::BoundVariableKind> as core::ops::deref::Deref>::deref
FNDA:0,<&rustc_middle::ty::list::RawList<(), rustc_type_ir::canonical::CanonicalVarKind<rustc_middle::ty::context::TyCtxt>> as core::default::Default>::default
FNDA:0,<rustc_middle::ty::list::RawList<(), (rustc_type_ir::opaque_ty::OpaqueTypeKey<rustc_middle::ty::context::TyCtxt>, rustc_middle::ty::Ty)>>::iter
FNDA:0,<rustc_middle::ty::list::RawList<(), rustc_span::def_id::LocalDefId> as core::convert::AsRef<[rustc_span::def_id::LocalDefId]>>::as_ref
FNDA:0,<&rustc_middle::ty::list::RawList<rustc_middle::ty::list::TypeInfo, rustc_middle::ty::predicate::Clause> as rustc_type_ir::inherent::SliceLike>::iter
FNDA:0,<rustc_middle::ty::list::RawList<(), rustc_middle::ty::generic_args::GenericArg> as core::cmp::PartialEq>::eq
FNDA:0,<rustc_middle::ty::list::RawList<(), (rustc_type_ir::opaque_ty::OpaqueTypeKey<rustc_middle::ty::context::TyCtxt>, rustc_middle::ty::Ty)> as core::cmp::PartialEq>::eq
FNDA:0,<rustc_middle::ty::list::RawList<(), rustc_middle::ty::Ty>>::empty
FNDA:0,<rustc_middle::ty::list::RawList<(), rustc_middle::ty::sty::BoundVariableKind>>::as_slice
FNDA:0,<rustc_middle::ty::list::RawList<(), rustc_type_ir::canonical::CanonicalVarKind<rustc_middle::ty::context::TyCtxt>> as core::fmt::Debug>::fmt
FNDA:0,<&rustc_middle::ty::list::RawList<(), (rustc_type_ir::opaque_ty::OpaqueTypeKey<rustc_middle::ty::context::TyCtxt>, rustc_middle::ty::Ty)> as rustc_type_ir::inherent::SliceLike>::as_slice
FNDA:0,<rustc_middle::ty::list::RawList<(), rustc_middle::ty::pattern::Pattern> as core::convert::AsRef<[rustc_middle::ty::pattern::Pattern]>>::as_ref
FNDA:0,<rustc_middle::ty::list::RawList<(), rustc_middle::ty::sty::BoundVariableKind>>::len
FNDA:0,<rustc_middle::ty::list::RawList<(), rustc_middle::ty::Ty>>::as_slice
FNDA:0,<rustc_middle::ty::list::RawList<rustc_middle::ty::list::TypeInfo, rustc_middle::ty::predicate::Clause>>::empty
FNDA:0,<rustc_middle::ty::list::RawList<(), rustc_type_ir::binder::Binder<rustc_middle::ty::context::TyCtxt, rustc_type_ir::predicate::ExistentialPredicate<rustc_middle::ty::context::TyCtxt>>>>::iter
FNDA:0,<rustc_middle::ty::list::RawList<rustc_middle::ty::list::TypeInfo, rustc_middle::ty::predicate::Clause> as core::fmt::Debug>::fmt
FNDA:0,<rustc_middle::ty::list::RawList<(), (rustc_type_ir::opaque_ty::OpaqueTypeKey<rustc_middle::ty::context::TyCtxt>, rustc_middle::ty::Ty)> as core::convert::AsRef<[(rustc_type_ir::opaque_ty::OpaqueTypeKey<rustc_middle::ty::context::TyCtxt>, rustc_middle::ty::Ty)]>>::as_ref
FNDA:0,<rustc_middle::ty::list::RawList<(), rustc_span::def_id::LocalDefId> as core::hash::Hash>::hash::<rustc_hash::FxHasher>
FNDA:0,<&rustc_middle::ty::list::RawList<(), rustc_type_ir::canonical::CanonicalVarKind<rustc_middle::ty::context::TyCtxt>> as core::iter::traits::collect::IntoIterator>::into_iter
FNDA:0,<rustc_middle::ty::list::RawList<(), rustc_middle::ty::generic_args::GenericArg> as core::convert::AsRef<[rustc_middle::ty::generic_args::GenericArg]>>::as_ref
FNDA:0,<rustc_middle::ty::list::RawList<rustc_middle::ty::list::TypeInfo, rustc_middle::ty::predicate::Clause> as core::hash::Hash>::hash::<rustc_hash::FxHasher>
FNDA:0,<&rustc_middle::ty::list::RawList<(), rustc_middle::ty::Ty> as rustc_type_ir::inherent::SliceLike>::as_slice
FNDA:0,<rustc_middle::ty::list::RawList<(), rustc_middle::ty::sty::BoundVariableKind> as core::convert::AsRef<[rustc_middle::ty::sty::BoundVariableKind]>>::as_ref
FNDA:0,<&rustc_middle::ty::list::RawList<(), rustc_type_ir::canonical::CanonicalVarKind<rustc_middle::ty::context::TyCtxt>> as rustc_type_ir::inherent::SliceLike>::as_slice
FNDA:0,<&rustc_middle::ty::list::RawList<(), rustc_span::def_id::LocalDefId> as core::default::Default>::default
FNDA:0,<&rustc_middle::ty::list::RawList<(), rustc_type_ir::binder::Binder<rustc_middle::ty::context::TyCtxt, rustc_type_ir::predicate::ExistentialPredicate<rustc_middle::ty::context::TyCtxt>>> as core::iter::traits::collect::IntoIterator>::into_iter
FNDA:0,<rustc_middle::ty::list::RawList<rustc_middle::ty::list::TypeInfo, rustc_middle::ty::predicate::Clause>>::flags
FNDA:0,<&rustc_middle::ty::list::RawList<(), rustc_middle::ty::generic_args::GenericArg> as rustc_type_ir::inherent::SliceLike>::as_slice
FNDA:0,<rustc_middle::ty::list::RawList<(), rustc_middle::ty::generic_args::GenericArg>>::len
FNDA:0,<rustc_middle::ty::list::RawList<(), rustc_span::def_id::LocalDefId> as core::fmt::Debug>::fmt
FNDA:0,<rustc_middle::ty::list::RawList<rustc_middle::ty::list::TypeInfo, rustc_middle::ty::predicate::Clause> as core::ops::deref::Deref>::deref
FNDA:0,<rustc_middle::ty::list::RawList<(), rustc_span::def_id::LocalDefId>>::as_slice
FNDA:0,<rustc_middle::ty::list::RawList<(), rustc_type_ir::binder::Binder<rustc_middle::ty::context::TyCtxt, rustc_type_ir::predicate::ExistentialPredicate<rustc_middle::ty::context::TyCtxt>>> as core::cmp::PartialEq>::eq
FNDA:0,<rustc_middle::ty::list::RawList<(), rustc_span::def_id::LocalDefId> as core::ops::deref::Deref>::deref
FNDA:0,<rustc_middle::ty::list::RawList<(), rustc_span::def_id::LocalDefId> as core::cmp::PartialEq>::eq
FNDA:0,<&rustc_middle::ty::list::RawList<(), rustc_middle::ty::sty::BoundVariableKind> as core::iter::traits::collect::IntoIterator>::into_iter
FNDA:0,<&rustc_middle::ty::list::RawList<(), (rustc_type_ir::opaque_ty::OpaqueTypeKey<rustc_middle::ty::context::TyCtxt>, rustc_middle::ty::Ty)> as rustc_type_ir::inherent::SliceLike>::iter
FNDA:0,<rustc_middle::ty::list::RawList<(), rustc_type_ir::binder::Binder<rustc_middle::ty::context::TyCtxt, rustc_type_ir::predicate::ExistentialPredicate<rustc_middle::ty::context::TyCtxt>>> as core::convert::AsRef<[rustc_type_ir::binder::Binder<rustc_middle::ty::context::TyCtxt, rustc_type_ir::predicate::ExistentialPredicate<rustc_middle::ty::context::TyCtxt>>]>>::as_ref
FNDA:0,<rustc_middle::ty::list::RawList<(), rustc_type_ir::binder::Binder<rustc_middle::ty::context::TyCtxt, rustc_type_ir::predicate::ExistentialPredicate<rustc_middle::ty::context::TyCtxt>>>>::len
FNDA:0,<rustc_middle::ty::list::RawList<(), rustc_middle::ty::generic_args::GenericArg> as core::ops::deref::Deref>::deref
FNDA:0,<rustc_middle::ty::list::RawList<(), rustc_middle::ty::sty::BoundVariableKind> as core::cmp::PartialEq>::eq
FNDA:0,<&rustc_middle::ty::list::RawList<(), rustc_middle::ty::generic_args::GenericArg> as core::default::Default>::default
FNDA:0,<rustc_middle::ty::list::RawList<(), rustc_type_ir::canonical::CanonicalVarKind<rustc_middle::ty::context::TyCtxt>> as core::hash::Hash>::hash::<rustc_hash::FxHasher>
FNDA:0,<rustc_middle::ty::list::RawList<(), rustc_type_ir::canonical::CanonicalVarKind<rustc_middle::ty::context::TyCtxt>>>::empty
FNDA:0,<&rustc_middle::ty::list::RawList<(), rustc_span::def_id::LocalDefId> as rustc_type_ir::inherent::SliceLike>::as_slice
FNF:95
FNH:0
BRF:0
BRH:0
DA:55,0
DA:56,0
DA:57,0
DA:68,0
DA:69,0
DA:70,0
DA:73,0
DA:74,0
DA:75,0
DA:124,0
DA:125,0
DA:126,0
DA:128,0
DA:129,0
DA:137,0
DA:138,0
DA:139,0
DA:141,0
DA:142,0
DA:143,0
DA:151,0
DA:158,0
DA:162,0
DA:163,0
DA:171,0
DA:172,0
DA:173,0
DA:185,0
DA:188,0
DA:189,0
DA:222,0
DA:225,0
DA:226,0
DA:232,0
DA:233,0
DA:234,0
DA:239,0
DA:240,0
DA:245,0
DA:246,0
DA:253,0
DA:254,0
DA:255,0
DA:276,0
DA:277,0
DA:278,0
LF:46
LH:0
end_of_record
SF:compiler/rustc_middle/src/query/erase.rs
FN:55,rustc_middle::query::erase::restore::<&rustc_feature::unstable::Features>
FN:55,rustc_middle::query::erase::restore::<rustc_hir::hir::Constness>
FN:55,rustc_middle::query::erase::restore::<&alloc::string::String>
FN:55,rustc_middle::query::erase::restore::<core::option::Option<&[rustc_hir::hir::PreciseCapturingArgKind<rustc_span::symbol::Symbol, rustc_span::symbol::Symbol>]>>
FN:55,rustc_middle::query::erase::restore::<&[rustc_span::def_id::DefId]>
FN:55,rustc_middle::query::erase::restore::<&[rustc_type_ir::Variance]>
FN:55,rustc_middle::query::erase::restore::<core::option::Option<rustc_middle::ty::ImplTraitHeader>>
FN:55,rustc_middle::query::erase::restore::<rustc_middle::ty::Asyncness>
FN:55,rustc_middle::query::erase::restore::<&[rustc_middle::metadata::ModChild]>
FN:55,rustc_middle::query::erase::restore::<&rustc_middle::middle::codegen_fn_attrs::CodegenFnAttrs>
FN:55,rustc_middle::query::erase::restore::<rustc_data_structures::svh::Svh>
FN:55,rustc_middle::query::erase::restore::<rustc_hir::def::DefKind>
FN:31,rustc_middle::query::erase::erase::<rustc_span::symbol::Symbol>
FN:55,rustc_middle::query::erase::restore::<core::result::Result<rustc_abi::layout::ty::TyAndLayout<rustc_middle::ty::Ty>, &rustc_middle::ty::layout::LayoutError>>
FN:55,rustc_middle::query::erase::restore::<core::result::Result<(), rustc_span::ErrorGuaranteed>>
FN:55,rustc_middle::query::erase::restore::<rustc_middle::ty::ParamEnv>
FN:55,rustc_middle::query::erase::restore::<&rustc_middle::ty::typeck_results::TypeckResults>
FN:55,rustc_middle::query::erase::restore::<rustc_middle::ty::generics::GenericPredicates>
FN:55,rustc_middle::query::erase::restore::<core::option::Option<rustc_hir::stability::Stability>>
FN:55,rustc_middle::query::erase::restore::<rustc_middle::ty::adt::AdtDef>
FN:55,rustc_middle::query::erase::restore::<rustc_middle::ty::assoc::AssocItem>
FN:55,rustc_middle::query::erase::restore::<&rustc_middle::ty::ResolverGlobalCtxt>
FN:55,rustc_middle::query::erase::restore::<&rustc_middle::hir::ModuleItems>
FN:55,rustc_middle::query::erase::restore::<core::option::Option<rustc_hir::stability::ConstStability>>
FN:31,rustc_middle::query::erase::erase::<&rustc_feature::unstable::Features>
FN:31,rustc_middle::query::erase::erase::<&rustc_data_structures::steal::Steal<(rustc_ast::ast::Crate, thin_vec::ThinVec<rustc_ast::ast::Attribute>)>>
FN:55,rustc_middle::query::erase::restore::<()>
FN:55,rustc_middle::query::erase::restore::<&rustc_middle::ty::trait_def::TraitDef>
FN:55,rustc_middle::query::erase::restore::<rustc_hir::hir::Defaultness>
FN:55,rustc_middle::query::erase::restore::<&rustc_middle::ty::assoc::AssocItems>
FN:31,rustc_middle::query::erase::erase::<&alloc::sync::Arc<rustc_session::config::OutputFilenames>>
FN:55,rustc_middle::query::erase::restore::<&rustc_middle::middle::privacy::EffectiveVisibilities>
FN:55,rustc_middle::query::erase::restore::<core::option::Option<&rustc_hir::hir::OwnerNodes>>
FN:55,rustc_middle::query::erase::restore::<bool>
FN:55,rustc_middle::query::erase::restore::<&rustc_middle::ty::generics::Generics>
FN:55,rustc_middle::query::erase::restore::<&[core::option::Option<rustc_span::symbol::Ident>]>
FN:55,rustc_middle::query::erase::restore::<&rustc_data_structures::unord::UnordMap<rustc_span::def_id::DefId, rustc_span::def_id::DefId>>
FN:55,rustc_middle::query::erase::restore::<&rustc_data_structures::unord::UnordMap<(rustc_span::symbol::Symbol, rustc_hir::def::Namespace), core::option::Option<rustc_hir::def::Res<rustc_ast::node_id::NodeId>>>>
FN:55,rustc_middle::query::erase::restore::<&[rustc_hir::hir::Attribute]>
FN:55,rustc_middle::query::erase::restore::<rustc_type_ir::binder::EarlyBinder<rustc_middle::ty::context::TyCtxt, rustc_middle::ty::consts::Const>>
FN:55,rustc_middle::query::erase::restore::<rustc_hir_id::HirId>
FN:55,rustc_middle::query::erase::restore::<rustc_middle::ty::Visibility<rustc_span::def_id::DefId>>
FN:55,rustc_middle::query::erase::restore::<rustc_middle::ty::TypingEnv>
FN:55,rustc_middle::query::erase::restore::<rustc_span::symbol::Symbol>
FN:55,rustc_middle::query::erase::restore::<rustc_middle::middle::resolve_bound_vars::ObjectLifetimeDefault>
FN:55,rustc_middle::query::erase::restore::<rustc_type_ir::binder::EarlyBinder<rustc_middle::ty::context::TyCtxt, rustc_type_ir::binder::Binder<rustc_middle::ty::context::TyCtxt, rustc_type_ir::ty_kind::FnSig<rustc_middle::ty::context::TyCtxt>>>>
FN:55,rustc_middle::query::erase::restore::<&[rustc_span::def_id::CrateNum]>
FN:55,rustc_middle::query::erase::restore::<rustc_span::span_encoding::Span>
FN:55,rustc_middle::query::erase::restore::<core::option::Option<rustc_span::span_encoding::Span>>
FN:55,rustc_middle::query::erase::restore::<&rustc_data_structures::unord::UnordSet<rustc_lint_defs::LintId>>
FN:55,rustc_middle::query::erase::restore::<rustc_type_ir::binder::EarlyBinder<rustc_middle::ty::context::TyCtxt, &[(rustc_middle::ty::predicate::Clause, rustc_span::span_encoding::Span)]>>
FN:55,rustc_middle::query::erase::restore::<rustc_type_ir::binder::EarlyBinder<rustc_middle::ty::context::TyCtxt, rustc_middle::ty::Ty>>
FN:55,rustc_middle::query::erase::restore::<&rustc_data_structures::steal::Steal<(rustc_ast::ast::Crate, thin_vec::ThinVec<rustc_ast::ast::Attribute>)>>
FN:55,rustc_middle::query::erase::restore::<&rustc_middle::ty::trait_def::TraitImpls>
FN:55,rustc_middle::query::erase::restore::<&alloc::sync::Arc<rustc_session::config::OutputFilenames>>
FNDA:0,rustc_middle::query::erase::restore::<&rustc_feature::unstable::Features>
FNDA:0,rustc_middle::query::erase::restore::<rustc_hir::hir::Constness>
FNDA:0,rustc_middle::query::erase::restore::<&alloc::string::String>
FNDA:0,rustc_middle::query::erase::restore::<core::option::Option<&[rustc_hir::hir::PreciseCapturingArgKind<rustc_span::symbol::Symbol, rustc_span::symbol::Symbol>]>>
FNDA:0,rustc_middle::query::erase::restore::<&[rustc_span::def_id::DefId]>
FNDA:0,rustc_middle::query::erase::restore::<&[rustc_type_ir::Variance]>
FNDA:0,rustc_middle::query::erase::restore::<core::option::Option<rustc_middle::ty::ImplTraitHeader>>
FNDA:0,rustc_middle::query::erase::restore::<rustc_middle::ty::Asyncness>
FNDA:0,rustc_middle::query::erase::restore::<&[rustc_middle::metadata::ModChild]>
FNDA:0,rustc_middle::query::erase::restore::<&rustc_middle::middle::codegen_fn_attrs::CodegenFnAttrs>
FNDA:0,rustc_middle::query::erase::restore::<rustc_data_structures::svh::Svh>
FNDA:0,rustc_middle::query::erase::restore::<rustc_hir::def::DefKind>
FNDA:0,rustc_middle::query::erase::erase::<rustc_span::symbol::Symbol>
FNDA:0,rustc_middle::query::erase::restore::<core::result::Result<rustc_abi::layout::ty::TyAndLayout<rustc_middle::ty::Ty>, &rustc_middle::ty::layout::LayoutError>>
FNDA:0,rustc_middle::query::erase::restore::<core::result::Result<(), rustc_span::ErrorGuaranteed>>
FNDA:0,rustc_middle::query::erase::restore::<rustc_middle::ty::ParamEnv>
FNDA:0,rustc_middle::query::erase::restore::<&rustc_middle::ty::typeck_results::TypeckResults>
FNDA:0,rustc_middle::query::erase::restore::<rustc_middle::ty::generics::GenericPredicates>
FNDA:0,rustc_middle::query::erase::restore::<core::option::Option<rustc_hir::stability::Stability>>
FNDA:0,rustc_middle::query::erase::restore::<rustc_middle::ty::adt::AdtDef>
FNDA:0,rustc_middle::query::erase::restore::<rustc_middle::ty::assoc::AssocItem>
FNDA:0,rustc_middle::query::erase::restore::<&rustc_middle::ty::ResolverGlobalCtxt>
FNDA:0,rustc_middle::query::erase::restore::<&rustc_middle::hir::ModuleItems>
FNDA:0,rustc_middle::query::erase::restore::<core::option::Option<rustc_hir::stability::ConstStability>>
FNDA:0,rustc_middle::query::erase::erase::<&rustc_feature::unstable::Features>
FNDA:0,rustc_middle::query::erase::erase::<&rustc_data_structures::steal::Steal<(rustc_ast::ast::Crate, thin_vec::ThinVec<rustc_ast::ast::Attribute>)>>
FNDA:0,rustc_middle::query::erase::restore::<()>
FNDA:0,rustc_middle::query::erase::restore::<&rustc_middle::ty::trait_def::TraitDef>
FNDA:0,rustc_middle::query::erase::restore::<rustc_hir::hir::Defaultness>
FNDA:0,rustc_middle::query::erase::restore::<&rustc_middle::ty::assoc::AssocItems>
FNDA:0,rustc_middle::query::erase::erase::<&alloc::sync::Arc<rustc_session::config::OutputFilenames>>
FNDA:0,rustc_middle::query::erase::restore::<&rustc_middle::middle::privacy::EffectiveVisibilities>
FNDA:0,rustc_middle::query::erase::restore::<core::option::Option<&rustc_hir::hir::OwnerNodes>>
FNDA:0,rustc_middle::query::erase::restore::<bool>
FNDA:0,rustc_middle::query::erase::restore::<&rustc_middle::ty::generics::Generics>
FNDA:0,rustc_middle::query::erase::restore::<&[core::option::Option<rustc_span::symbol::Ident>]>
FNDA:0,rustc_middle::query::erase::restore::<&rustc_data_structures::unord::UnordMap<rustc_span::def_id::DefId, rustc_span::def_id::DefId>>
FNDA:0,rustc_middle::query::erase::restore::<&rustc_data_structures::unord::UnordMap<(rustc_span::symbol::Symbol, rustc_hir::def::Namespace), core::option::Option<rustc_hir::def::Res<rustc_ast::node_id::NodeId>>>>
FNDA:0,rustc_middle::query::erase::restore::<&[rustc_hir::hir::Attribute]>
FNDA:0,rustc_middle::query::erase::restore::<rustc_type_ir::binder::EarlyBinder<rustc_middle::ty::context::TyCtxt, rustc_middle::ty::consts::Const>>
FNDA:0,rustc_middle::query::erase::restore::<rustc_hir_id::HirId>
FNDA:0,rustc_middle::query::erase::restore::<rustc_middle::ty::Visibility<rustc_span::def_id::DefId>>
FNDA:0,rustc_middle::query::erase::restore::<rustc_middle::ty::TypingEnv>
FNDA:0,rustc_middle::query::erase::restore::<rustc_span::symbol::Symbol>
FNDA:0,rustc_middle::query::erase::restore::<rustc_middle::middle::resolve_bound_vars::ObjectLifetimeDefault>
FNDA:0,rustc_middle::query::erase::restore::<rustc_type_ir::binder::EarlyBinder<rustc_middle::ty::context::TyCtxt, rustc_type_ir::binder::Binder<rustc_middle::ty::context::TyCtxt, rustc_type_ir::ty_kind::FnSig<rustc_middle::ty::context::TyCtxt>>>>
FNDA:0,rustc_middle::query::erase::restore::<&[rustc_span::def_id::CrateNum]>
FNDA:0,rustc_middle::query::erase::restore::<rustc_span::span_encoding::Span>
FNDA:0,rustc_middle::query::erase::restore::<core::option::Option<rustc_span::span_encoding::Span>>
FNDA:0,rustc_middle::query::erase::restore::<&rustc_data_structures::unord::UnordSet<rustc_lint_defs::LintId>>
FNDA:0,rustc_middle::query::erase::restore::<rustc_type_ir::binder::EarlyBinder<rustc_middle::ty::context::TyCtxt, &[(rustc_middle::ty::predicate::Clause, rustc_span::span_encoding::Span)]>>
FNDA:0,rustc_middle::query::erase::restore::<rustc_type_ir::binder::EarlyBinder<rustc_middle::ty::context::TyCtxt, rustc_middle::ty::Ty>>
FNDA:0,rustc_middle::query::erase::restore::<&rustc_data_structures::steal::Steal<(rustc_ast::ast::Crate, thin_vec::ThinVec<rustc_ast::ast::Attribute>)>>
FNDA:0,rustc_middle::query::erase::restore::<&rustc_middle::ty::trait_def::TraitImpls>
FNDA:0,rustc_middle::query::erase::restore::<&alloc::sync::Arc<rustc_session::config::OutputFilenames>>
FNF:55
FNH:0
BRF:0
BRH:0
DA:31,0
DA:39,0
DA:40,0
DA:41,0
DA:42,0
DA:43,0
DA:44,0
DA:45,0
DA:46,0
DA:47,0
DA:48,0
DA:49,0
DA:50,0
DA:55,0
DA:56,0
DA:62,0
DA:63,0
LF:17
LH:0
end_of_record
SF:compiler/rustc_middle/src/macros.rs
FN:81,<rustc_span::def_id::DefId as rustc_type_ir::visit::TypeVisitable<rustc_middle::ty::context::TyCtxt>>::visit_with::<rustc_type_ir::visit::HasEscapingVarsVisitor>
FN:71,<rustc_span::def_id::LocalDefId as rustc_type_ir::fold::TypeFoldable<rustc_middle::ty::context::TyCtxt>>::fold_with::<rustc_next_trait_solver::resolve::EagerResolver<rustc_trait_selection::solve::delegate::SolverDelegate, rustc_middle::ty::context::TyCtxt>>
FN:71,<rustc_middle::ty::consts::valtree::ValTree as rustc_type_ir::fold::TypeFoldable<rustc_middle::ty::context::TyCtxt>>::fold_with::<rustc_next_trait_solver::resolve::EagerResolver<rustc_trait_selection::solve::delegate::SolverDelegate, rustc_middle::ty::context::TyCtxt>>
FN:71,<rustc_span::def_id::DefId as rustc_type_ir::fold::TypeFoldable<rustc_middle::ty::context::TyCtxt>>::fold_with::<rustc_infer::infer::resolve::OpportunisticVarResolver>
FN:71,<rustc_span::def_id::DefId as rustc_type_ir::fold::TypeFoldable<rustc_middle::ty::context::TyCtxt>>::fold_with::<rustc_next_trait_solver::canonical::canonicalizer::Canonicalizer<rustc_trait_selection::solve::delegate::SolverDelegate, rustc_middle::ty::context::TyCtxt>>
FN:71,<rustc_span::def_id::LocalDefId as rustc_type_ir::fold::TypeFoldable<rustc_middle::ty::context::TyCtxt>>::fold_with::<rustc_next_trait_solver::canonical::canonicalizer::Canonicalizer<rustc_trait_selection::solve::delegate::SolverDelegate, rustc_middle::ty::context::TyCtxt>>
FN:71,<rustc_middle::ty::consts::valtree::ValTree as rustc_type_ir::fold::TypeFoldable<rustc_middle::ty::context::TyCtxt>>::fold_with::<rustc_middle::ty::fold::BoundVarReplacer<rustc_middle::ty::fold::FnMutDelegate>>
FN:71,<rustc_span::def_id::DefId as rustc_type_ir::fold::TypeFoldable<rustc_middle::ty::context::TyCtxt>>::fold_with::<rustc_type_ir::fold::RegionFolder<rustc_middle::ty::context::TyCtxt, <rustc_next_trait_solver::solve::eval_ctxt::EvalCtxt<rustc_trait_selection::solve::delegate::SolverDelegate, rustc_middle::ty::context::TyCtxt>>::normalize_opaque_type::{closure#2}>>
FN:81,<rustc_span::def_id::DefId as rustc_type_ir::visit::TypeVisitable<rustc_middle::ty::context::TyCtxt>>::visit_with::<rustc_next_trait_solver::coherence::OrphanChecker<rustc_infer::infer::InferCtxt, rustc_middle::ty::context::TyCtxt, &mut <rustc_next_trait_solver::solve::eval_ctxt::EvalCtxt<rustc_trait_selection::solve::delegate::SolverDelegate, rustc_middle::ty::context::TyCtxt>>::trait_ref_is_knowable::{closure#0}>>
FN:81,<rustc_span::def_id::LocalDefId as rustc_type_ir::visit::TypeVisitable<rustc_middle::ty::context::TyCtxt>>::visit_with::<rustc_type_ir::visit::HasTypeFlagsVisitor>
FN:71,<rustc_span::def_id::DefId as rustc_type_ir::fold::TypeFoldable<rustc_middle::ty::context::TyCtxt>>::fold_with::<rustc_type_ir::ty_kind::closure::FoldEscapingRegions<rustc_middle::ty::context::TyCtxt>>
FN:71,<rustc_middle::ty::consts::valtree::ValTree as rustc_type_ir::fold::TypeFoldable<rustc_middle::ty::context::TyCtxt>>::fold_with::<rustc_middle::ty::fold::BoundVarReplacer<<rustc_infer::infer::InferCtxt>::instantiate_binder_with_fresh_vars::ToFreshVars>>
FN:71,<rustc_middle::ty::consts::valtree::ValTree as rustc_type_ir::fold::TypeFoldable<rustc_middle::ty::context::TyCtxt>>::fold_with::<rustc_next_trait_solver::canonical::canonicalizer::Canonicalizer<rustc_trait_selection::solve::delegate::SolverDelegate, rustc_middle::ty::context::TyCtxt>>
FN:81,<rustc_span::span_encoding::Span as rustc_type_ir::visit::TypeVisitable<rustc_middle::ty::context::TyCtxt>>::visit_with::<rustc_type_ir::visit::HasTypeFlagsVisitor>
FN:63,<rustc_middle::ty::consts::valtree::ValTree as rustc_type_ir::fold::TypeFoldable<rustc_middle::ty::context::TyCtxt>>::try_fold_with::<rustc_trait_selection::solve::normalize::NormalizationFolder<rustc_infer::traits::engine::ScrubbedTraitError>>
FN:71,<rustc_span::def_id::DefId as rustc_type_ir::fold::TypeFoldable<rustc_middle::ty::context::TyCtxt>>::fold_with::<rustc_type_ir::fold::RegionFolder<rustc_middle::ty::context::TyCtxt, <rustc_next_trait_solver::solve::eval_ctxt::EvalCtxt<rustc_trait_selection::solve::delegate::SolverDelegate, rustc_middle::ty::context::TyCtxt>>::normalize_opaque_type::{closure#4}>>
FN:81,<rustc_span::def_id::DefId as rustc_type_ir::visit::TypeVisitable<rustc_middle::ty::context::TyCtxt>>::visit_with::<rustc_type_ir::outlives::OutlivesCollector<rustc_middle::ty::context::TyCtxt>>
FN:81,<rustc_middle::ty::consts::valtree::ValTree as rustc_type_ir::visit::TypeVisitable<rustc_middle::ty::context::TyCtxt>>::visit_with::<rustc_next_trait_solver::solve::assembly::FindParamInClause<rustc_trait_selection::solve::delegate::SolverDelegate, rustc_middle::ty::context::TyCtxt>>
FN:71,<rustc_span::def_id::DefId as rustc_type_ir::fold::TypeFoldable<rustc_middle::ty::context::TyCtxt>>::fold_with::<rustc_type_ir::binder::ArgFolder<rustc_middle::ty::context::TyCtxt>>
FN:71,<rustc_middle::ty::consts::valtree::ValTree as rustc_type_ir::fold::TypeFoldable<rustc_middle::ty::context::TyCtxt>>::fold_with::<rustc_type_ir::ty_kind::closure::FoldEscapingRegions<rustc_middle::ty::context::TyCtxt>>
FN:71,<rustc_span::def_id::DefId as rustc_type_ir::fold::TypeFoldable<rustc_middle::ty::context::TyCtxt>>::fold_with::<rustc_middle::ty::fold::BoundVarReplacer<<rustc_middle::ty::context::TyCtxt>::anonymize_bound_vars::Anonymize>>
FN:71,<rustc_middle::ty::consts::valtree::ValTree as rustc_type_ir::fold::TypeFoldable<rustc_middle::ty::context::TyCtxt>>::fold_with::<rustc_type_ir::fold::Shifter<rustc_middle::ty::context::TyCtxt>>
FN:71,<rustc_span::def_id::DefId as rustc_type_ir::fold::TypeFoldable<rustc_middle::ty::context::TyCtxt>>::fold_with::<rustc_next_trait_solver::solve::eval_ctxt::ReplaceAliasWithInfer<rustc_trait_selection::solve::delegate::SolverDelegate, rustc_middle::ty::context::TyCtxt>>
FN:71,<rustc_span::def_id::DefId as rustc_type_ir::fold::TypeFoldable<rustc_middle::ty::context::TyCtxt>>::fold_with::<rustc_next_trait_solver::resolve::EagerResolver<rustc_trait_selection::solve::delegate::SolverDelegate, rustc_middle::ty::context::TyCtxt>>
FN:81,<rustc_span::def_id::DefId as rustc_type_ir::visit::TypeVisitable<rustc_middle::ty::context::TyCtxt>>::visit_with::<rustc_type_ir::visit::HasTypeFlagsVisitor>
FN:81,<rustc_span::def_id::DefId as rustc_type_ir::visit::TypeVisitable<rustc_middle::ty::context::TyCtxt>>::visit_with::<rustc_next_trait_solver::solve::assembly::FindParamInClause<rustc_trait_selection::solve::delegate::SolverDelegate, rustc_middle::ty::context::TyCtxt>>
FN:71,<rustc_middle::ty::consts::valtree::ValTree as rustc_type_ir::fold::TypeFoldable<rustc_middle::ty::context::TyCtxt>>::fold_with::<rustc_type_ir::fold::RegionFolder<rustc_middle::ty::context::TyCtxt, <rustc_next_trait_solver::solve::eval_ctxt::EvalCtxt<rustc_trait_selection::solve::delegate::SolverDelegate, rustc_middle::ty::context::TyCtxt>>::normalize_opaque_type::{closure#4}>>
FN:63,<rustc_span::def_id::DefId as rustc_type_ir::fold::TypeFoldable<rustc_middle::ty::context::TyCtxt>>::try_fold_with::<rustc_trait_selection::solve::normalize::NormalizationFolder<rustc_infer::traits::engine::ScrubbedTraitError>>
FN:71,<rustc_span::def_id::DefId as rustc_type_ir::fold::TypeFoldable<rustc_middle::ty::context::TyCtxt>>::fold_with::<rustc_type_ir::fold::Shifter<rustc_middle::ty::context::TyCtxt>>
FN:49,<rustc_span::def_id::DefId as rustc_type_ir::lift::Lift<rustc_middle::ty::context::TyCtxt>>::lift_to_interner
FN:71,<rustc_middle::ty::consts::valtree::ValTree as rustc_type_ir::fold::TypeFoldable<rustc_middle::ty::context::TyCtxt>>::fold_with::<rustc_next_trait_solver::solve::eval_ctxt::ReplaceAliasWithInfer<rustc_trait_selection::solve::delegate::SolverDelegate, rustc_middle::ty::context::TyCtxt>>
FN:71,<rustc_middle::ty::consts::valtree::ValTree as rustc_type_ir::fold::TypeFoldable<rustc_middle::ty::context::TyCtxt>>::fold_with::<rustc_type_ir::fold::RegionFolder<rustc_middle::ty::context::TyCtxt, <rustc_next_trait_solver::solve::eval_ctxt::EvalCtxt<rustc_trait_selection::solve::delegate::SolverDelegate, rustc_middle::ty::context::TyCtxt>>::normalize_opaque_type::{closure#2}>>
FN:71,<rustc_span::span_encoding::Span as rustc_type_ir::fold::TypeFoldable<rustc_middle::ty::context::TyCtxt>>::fold_with::<rustc_type_ir::binder::ArgFolder<rustc_middle::ty::context::TyCtxt>>
FN:63,<rustc_middle::ty::consts::valtree::ValTree as rustc_type_ir::fold::TypeFoldable<rustc_middle::ty::context::TyCtxt>>::try_fold_with::<rustc_next_trait_solver::solve::assembly::structural_traits::ReplaceProjectionWith<rustc_middle::ty::context::TyCtxt, rustc_trait_selection::solve::delegate::SolverDelegate>>
FN:71,<rustc_span::def_id::DefId as rustc_type_ir::fold::TypeFoldable<rustc_middle::ty::context::TyCtxt>>::fold_with::<rustc_type_ir::fold::RegionFolder<rustc_middle::ty::context::TyCtxt, rustdoc::clean::auto_trait::clean_param_env::{closure#3}::{closure#0}>>
FN:71,<rustc_span::def_id::DefId as rustc_type_ir::fold::TypeFoldable<rustc_middle::ty::context::TyCtxt>>::fold_with::<<rustc_next_trait_solver::solve::eval_ctxt::EvalCtxt<_, _>>::try_assemble_bounds_via_registered_opaques::ReplaceOpaque<rustc_middle::ty::context::TyCtxt>>
FN:71,<rustc_span::def_id::DefId as rustc_type_ir::fold::TypeFoldable<rustc_middle::ty::context::TyCtxt>>::fold_with::<rustc_middle::ty::fold::BoundVarReplacer<<rustc_infer::infer::InferCtxt>::instantiate_binder_with_fresh_vars::ToFreshVars>>
FN:49,<() as rustc_type_ir::lift::Lift<rustc_middle::ty::context::TyCtxt>>::lift_to_interner
FN:71,<rustc_middle::ty::consts::valtree::ValTree as rustc_type_ir::fold::TypeFoldable<rustc_middle::ty::context::TyCtxt>>::fold_with::<<rustc_next_trait_solver::solve::eval_ctxt::EvalCtxt<_, _>>::try_assemble_bounds_via_registered_opaques::ReplaceOpaque<rustc_middle::ty::context::TyCtxt>>
FN:71,<rustc_span::def_id::LocalDefId as rustc_type_ir::fold::TypeFoldable<rustc_middle::ty::context::TyCtxt>>::fold_with::<rustc_infer::infer::canonical::instantiate::CanonicalInstantiator>
FN:71,<rustc_middle::ty::consts::valtree::ValTree as rustc_type_ir::fold::TypeFoldable<rustc_middle::ty::context::TyCtxt>>::fold_with::<rustc_next_trait_solver::placeholder::BoundVarReplacer<rustc_infer::infer::InferCtxt, rustc_middle::ty::context::TyCtxt>>
FN:81,<rustc_middle::ty::consts::valtree::ValTree as rustc_type_ir::visit::TypeVisitable<rustc_middle::ty::context::TyCtxt>>::visit_with::<rustc_type_ir::outlives::OutlivesCollector<rustc_middle::ty::context::TyCtxt>>
FN:71,<rustc_middle::ty::consts::valtree::ValTree as rustc_type_ir::fold::TypeFoldable<rustc_middle::ty::context::TyCtxt>>::fold_with::<rustc_type_ir::binder::ArgFolder<rustc_middle::ty::context::TyCtxt>>
FN:81,<rustc_middle::ty::consts::valtree::ValTree as rustc_type_ir::visit::TypeVisitable<rustc_middle::ty::context::TyCtxt>>::visit_with::<rustc_type_ir::visit::HasErrorVisitor>
FN:71,<rustc_span::def_id::DefId as rustc_type_ir::fold::TypeFoldable<rustc_middle::ty::context::TyCtxt>>::fold_with::<rustc_middle::ty::fold::BoundVarReplacer<rustc_middle::ty::fold::FnMutDelegate>>
FN:71,<rustc_middle::ty::consts::valtree::ValTree as rustc_type_ir::fold::TypeFoldable<rustc_middle::ty::context::TyCtxt>>::fold_with::<rustc_type_ir::fold::RegionFolder<rustc_middle::ty::context::TyCtxt, rustdoc::clean::auto_trait::clean_param_env::{closure#3}::{closure#0}>>
FN:81,<rustc_middle::ty::consts::valtree::ValTree as rustc_type_ir::visit::TypeVisitable<rustc_middle::ty::context::TyCtxt>>::visit_with::<rustc_type_ir::ty_kind::closure::HasRegionsBoundAt>
FN:63,<rustc_span::def_id::DefId as rustc_type_ir::fold::TypeFoldable<rustc_middle::ty::context::TyCtxt>>::try_fold_with::<rustc_next_trait_solver::solve::assembly::structural_traits::ReplaceProjectionWith<rustc_middle::ty::context::TyCtxt, rustc_trait_selection::solve::delegate::SolverDelegate>>
FN:71,<rustc_middle::ty::consts::valtree::ValTree as rustc_type_ir::fold::TypeFoldable<rustc_middle::ty::context::TyCtxt>>::fold_with::<rustc_middle::ty::fold::BoundVarReplacer<<rustc_middle::ty::context::TyCtxt>::anonymize_bound_vars::Anonymize>>
FN:81,<rustc_span::def_id::DefId as rustc_type_ir::visit::TypeVisitable<rustc_middle::ty::context::TyCtxt>>::visit_with::<rustc_type_ir::ty_kind::closure::HasRegionsBoundAt>
FN:81,<rustc_span::def_id::DefId as rustc_type_ir::visit::TypeVisitable<rustc_middle::ty::context::TyCtxt>>::visit_with::<rustc_type_ir::visit::HasErrorVisitor>
FN:71,<rustc_span::def_id::DefId as rustc_type_ir::fold::TypeFoldable<rustc_middle::ty::context::TyCtxt>>::fold_with::<rustc_next_trait_solver::placeholder::BoundVarReplacer<rustc_infer::infer::InferCtxt, rustc_middle::ty::context::TyCtxt>>
FNDA:0,<rustc_span::def_id::DefId as rustc_type_ir::visit::TypeVisitable<rustc_middle::ty::context::TyCtxt>>::visit_with::<rustc_type_ir::visit::HasEscapingVarsVisitor>
FNDA:0,<rustc_span::def_id::LocalDefId as rustc_type_ir::fold::TypeFoldable<rustc_middle::ty::context::TyCtxt>>::fold_with::<rustc_next_trait_solver::resolve::EagerResolver<rustc_trait_selection::solve::delegate::SolverDelegate, rustc_middle::ty::context::TyCtxt>>
FNDA:0,<rustc_middle::ty::consts::valtree::ValTree as rustc_type_ir::fold::TypeFoldable<rustc_middle::ty::context::TyCtxt>>::fold_with::<rustc_next_trait_solver::resolve::EagerResolver<rustc_trait_selection::solve::delegate::SolverDelegate, rustc_middle::ty::context::TyCtxt>>
FNDA:0,<rustc_span::def_id::DefId as rustc_type_ir::fold::TypeFoldable<rustc_middle::ty::context::TyCtxt>>::fold_with::<rustc_infer::infer::resolve::OpportunisticVarResolver>
FNDA:0,<rustc_span::def_id::DefId as rustc_type_ir::fold::TypeFoldable<rustc_middle::ty::context::TyCtxt>>::fold_with::<rustc_next_trait_solver::canonical::canonicalizer::Canonicalizer<rustc_trait_selection::solve::delegate::SolverDelegate, rustc_middle::ty::context::TyCtxt>>
FNDA:0,<rustc_span::def_id::LocalDefId as rustc_type_ir::fold::TypeFoldable<rustc_middle::ty::context::TyCtxt>>::fold_with::<rustc_next_trait_solver::canonical::canonicalizer::Canonicalizer<rustc_trait_selection::solve::delegate::SolverDelegate, rustc_middle::ty::context::TyCtxt>>
FNDA:0,<rustc_middle::ty::consts::valtree::ValTree as rustc_type_ir::fold::TypeFoldable<rustc_middle::ty::context::TyCtxt>>::fold_with::<rustc_middle::ty::fold::BoundVarReplacer<rustc_middle::ty::fold::FnMutDelegate>>
FNDA:0,<rustc_span::def_id::DefId as rustc_type_ir::fold::TypeFoldable<rustc_middle::ty::context::TyCtxt>>::fold_with::<rustc_type_ir::fold::RegionFolder<rustc_middle::ty::context::TyCtxt, <rustc_next_trait_solver::solve::eval_ctxt::EvalCtxt<rustc_trait_selection::solve::delegate::SolverDelegate, rustc_middle::ty::context::TyCtxt>>::normalize_opaque_type::{closure#2}>>
FNDA:0,<rustc_span::def_id::DefId as rustc_type_ir::visit::TypeVisitable<rustc_middle::ty::context::TyCtxt>>::visit_with::<rustc_next_trait_solver::coherence::OrphanChecker<rustc_infer::infer::InferCtxt, rustc_middle::ty::context::TyCtxt, &mut <rustc_next_trait_solver::solve::eval_ctxt::EvalCtxt<rustc_trait_selection::solve::delegate::SolverDelegate, rustc_middle::ty::context::TyCtxt>>::trait_ref_is_knowable::{closure#0}>>
FNDA:0,<rustc_span::def_id::LocalDefId as rustc_type_ir::visit::TypeVisitable<rustc_middle::ty::context::TyCtxt>>::visit_with::<rustc_type_ir::visit::HasTypeFlagsVisitor>
FNDA:0,<rustc_span::def_id::DefId as rustc_type_ir::fold::TypeFoldable<rustc_middle::ty::context::TyCtxt>>::fold_with::<rustc_type_ir::ty_kind::closure::FoldEscapingRegions<rustc_middle::ty::context::TyCtxt>>
FNDA:0,<rustc_middle::ty::consts::valtree::ValTree as rustc_type_ir::fold::TypeFoldable<rustc_middle::ty::context::TyCtxt>>::fold_with::<rustc_middle::ty::fold::BoundVarReplacer<<rustc_infer::infer::InferCtxt>::instantiate_binder_with_fresh_vars::ToFreshVars>>
FNDA:0,<rustc_middle::ty::consts::valtree::ValTree as rustc_type_ir::fold::TypeFoldable<rustc_middle::ty::context::TyCtxt>>::fold_with::<rustc_next_trait_solver::canonical::canonicalizer::Canonicalizer<rustc_trait_selection::solve::delegate::SolverDelegate, rustc_middle::ty::context::TyCtxt>>
FNDA:0,<rustc_span::span_encoding::Span as rustc_type_ir::visit::TypeVisitable<rustc_middle::ty::context::TyCtxt>>::visit_with::<rustc_type_ir::visit::HasTypeFlagsVisitor>
FNDA:0,<rustc_middle::ty::consts::valtree::ValTree as rustc_type_ir::fold::TypeFoldable<rustc_middle::ty::context::TyCtxt>>::try_fold_with::<rustc_trait_selection::solve::normalize::NormalizationFolder<rustc_infer::traits::engine::ScrubbedTraitError>>
FNDA:0,<rustc_span::def_id::DefId as rustc_type_ir::fold::TypeFoldable<rustc_middle::ty::context::TyCtxt>>::fold_with::<rustc_type_ir::fold::RegionFolder<rustc_middle::ty::context::TyCtxt, <rustc_next_trait_solver::solve::eval_ctxt::EvalCtxt<rustc_trait_selection::solve::delegate::SolverDelegate, rustc_middle::ty::context::TyCtxt>>::normalize_opaque_type::{closure#4}>>
FNDA:0,<rustc_span::def_id::DefId as rustc_type_ir::visit::TypeVisitable<rustc_middle::ty::context::TyCtxt>>::visit_with::<rustc_type_ir::outlives::OutlivesCollector<rustc_middle::ty::context::TyCtxt>>
FNDA:0,<rustc_middle::ty::consts::valtree::ValTree as rustc_type_ir::visit::TypeVisitable<rustc_middle::ty::context::TyCtxt>>::visit_with::<rustc_next_trait_solver::solve::assembly::FindParamInClause<rustc_trait_selection::solve::delegate::SolverDelegate, rustc_middle::ty::context::TyCtxt>>
FNDA:0,<rustc_span::def_id::DefId as rustc_type_ir::fold::TypeFoldable<rustc_middle::ty::context::TyCtxt>>::fold_with::<rustc_type_ir::binder::ArgFolder<rustc_middle::ty::context::TyCtxt>>
FNDA:0,<rustc_middle::ty::consts::valtree::ValTree as rustc_type_ir::fold::TypeFoldable<rustc_middle::ty::context::TyCtxt>>::fold_with::<rustc_type_ir::ty_kind::closure::FoldEscapingRegions<rustc_middle::ty::context::TyCtxt>>
FNDA:0,<rustc_span::def_id::DefId as rustc_type_ir::fold::TypeFoldable<rustc_middle::ty::context::TyCtxt>>::fold_with::<rustc_middle::ty::fold::BoundVarReplacer<<rustc_middle::ty::context::TyCtxt>::anonymize_bound_vars::Anonymize>>
FNDA:0,<rustc_middle::ty::consts::valtree::ValTree as rustc_type_ir::fold::TypeFoldable<rustc_middle::ty::context::TyCtxt>>::fold_with::<rustc_type_ir::fold::Shifter<rustc_middle::ty::context::TyCtxt>>
FNDA:0,<rustc_span::def_id::DefId as rustc_type_ir::fold::TypeFoldable<rustc_middle::ty::context::TyCtxt>>::fold_with::<rustc_next_trait_solver::solve::eval_ctxt::ReplaceAliasWithInfer<rustc_trait_selection::solve::delegate::SolverDelegate, rustc_middle::ty::context::TyCtxt>>
FNDA:0,<rustc_span::def_id::DefId as rustc_type_ir::fold::TypeFoldable<rustc_middle::ty::context::TyCtxt>>::fold_with::<rustc_next_trait_solver::resolve::EagerResolver<rustc_trait_selection::solve::delegate::SolverDelegate, rustc_middle::ty::context::TyCtxt>>
FNDA:0,<rustc_span::def_id::DefId as rustc_type_ir::visit::TypeVisitable<rustc_middle::ty::context::TyCtxt>>::visit_with::<rustc_type_ir::visit::HasTypeFlagsVisitor>
FNDA:0,<rustc_span::def_id::DefId as rustc_type_ir::visit::TypeVisitable<rustc_middle::ty::context::TyCtxt>>::visit_with::<rustc_next_trait_solver::solve::assembly::FindParamInClause<rustc_trait_selection::solve::delegate::SolverDelegate, rustc_middle::ty::context::TyCtxt>>
FNDA:0,<rustc_middle::ty::consts::valtree::ValTree as rustc_type_ir::fold::TypeFoldable<rustc_middle::ty::context::TyCtxt>>::fold_with::<rustc_type_ir::fold::RegionFolder<rustc_middle::ty::context::TyCtxt, <rustc_next_trait_solver::solve::eval_ctxt::EvalCtxt<rustc_trait_selection::solve::delegate::SolverDelegate, rustc_middle::ty::context::TyCtxt>>::normalize_opaque_type::{closure#4}>>
FNDA:0,<rustc_span::def_id::DefId as rustc_type_ir::fold::TypeFoldable<rustc_middle::ty::context::TyCtxt>>::try_fold_with::<rustc_trait_selection::solve::normalize::NormalizationFolder<rustc_infer::traits::engine::ScrubbedTraitError>>
FNDA:0,<rustc_span::def_id::DefId as rustc_type_ir::fold::TypeFoldable<rustc_middle::ty::context::TyCtxt>>::fold_with::<rustc_type_ir::fold::Shifter<rustc_middle::ty::context::TyCtxt>>
FNDA:0,<rustc_span::def_id::DefId as rustc_type_ir::lift::Lift<rustc_middle::ty::context::TyCtxt>>::lift_to_interner
FNDA:0,<rustc_middle::ty::consts::valtree::ValTree as rustc_type_ir::fold::TypeFoldable<rustc_middle::ty::context::TyCtxt>>::fold_with::<rustc_next_trait_solver::solve::eval_ctxt::ReplaceAliasWithInfer<rustc_trait_selection::solve::delegate::SolverDelegate, rustc_middle::ty::context::TyCtxt>>
FNDA:0,<rustc_middle::ty::consts::valtree::ValTree as rustc_type_ir::fold::TypeFoldable<rustc_middle::ty::context::TyCtxt>>::fold_with::<rustc_type_ir::fold::RegionFolder<rustc_middle::ty::context::TyCtxt, <rustc_next_trait_solver::solve::eval_ctxt::EvalCtxt<rustc_trait_selection::solve::delegate::SolverDelegate, rustc_middle::ty::context::TyCtxt>>::normalize_opaque_type::{closure#2}>>
FNDA:0,<rustc_span::span_encoding::Span as rustc_type_ir::fold::TypeFoldable<rustc_middle::ty::context::TyCtxt>>::fold_with::<rustc_type_ir::binder::ArgFolder<rustc_middle::ty::context::TyCtxt>>
FNDA:0,<rustc_middle::ty::consts::valtree::ValTree as rustc_type_ir::fold::TypeFoldable<rustc_middle::ty::context::TyCtxt>>::try_fold_with::<rustc_next_trait_solver::solve::assembly::structural_traits::ReplaceProjectionWith<rustc_middle::ty::context::TyCtxt, rustc_trait_selection::solve::delegate::SolverDelegate>>
FNDA:0,<rustc_span::def_id::DefId as rustc_type_ir::fold::TypeFoldable<rustc_middle::ty::context::TyCtxt>>::fold_with::<rustc_type_ir::fold::RegionFolder<rustc_middle::ty::context::TyCtxt, rustdoc::clean::auto_trait::clean_param_env::{closure#3}::{closure#0}>>
FNDA:0,<rustc_span::def_id::DefId as rustc_type_ir::fold::TypeFoldable<rustc_middle::ty::context::TyCtxt>>::fold_with::<<rustc_next_trait_solver::solve::eval_ctxt::EvalCtxt<_, _>>::try_assemble_bounds_via_registered_opaques::ReplaceOpaque<rustc_middle::ty::context::TyCtxt>>
FNDA:0,<rustc_span::def_id::DefId as rustc_type_ir::fold::TypeFoldable<rustc_middle::ty::context::TyCtxt>>::fold_with::<rustc_middle::ty::fold::BoundVarReplacer<<rustc_infer::infer::InferCtxt>::instantiate_binder_with_fresh_vars::ToFreshVars>>
FNDA:0,<() as rustc_type_ir::lift::Lift<rustc_middle::ty::context::TyCtxt>>::lift_to_interner
FNDA:0,<rustc_middle::ty::consts::valtree::ValTree as rustc_type_ir::fold::TypeFoldable<rustc_middle::ty::context::TyCtxt>>::fold_with::<<rustc_next_trait_solver::solve::eval_ctxt::EvalCtxt<_, _>>::try_assemble_bounds_via_registered_opaques::ReplaceOpaque<rustc_middle::ty::context::TyCtxt>>
FNDA:0,<rustc_span::def_id::LocalDefId as rustc_type_ir::fold::TypeFoldable<rustc_middle::ty::context::TyCtxt>>::fold_with::<rustc_infer::infer::canonical::instantiate::CanonicalInstantiator>
FNDA:0,<rustc_middle::ty::consts::valtree::ValTree as rustc_type_ir::fold::TypeFoldable<rustc_middle::ty::context::TyCtxt>>::fold_with::<rustc_next_trait_solver::placeholder::BoundVarReplacer<rustc_infer::infer::InferCtxt, rustc_middle::ty::context::TyCtxt>>
FNDA:0,<rustc_middle::ty::consts::valtree::ValTree as rustc_type_ir::visit::TypeVisitable<rustc_middle::ty::context::TyCtxt>>::visit_with::<rustc_type_ir::outlives::OutlivesCollector<rustc_middle::ty::context::TyCtxt>>
FNDA:0,<rustc_middle::ty::consts::valtree::ValTree as rustc_type_ir::fold::TypeFoldable<rustc_middle::ty::context::TyCtxt>>::fold_with::<rustc_type_ir::binder::ArgFolder<rustc_middle::ty::context::TyCtxt>>
FNDA:0,<rustc_middle::ty::consts::valtree::ValTree as rustc_type_ir::visit::TypeVisitable<rustc_middle::ty::context::TyCtxt>>::visit_with::<rustc_type_ir::visit::HasErrorVisitor>
FNDA:0,<rustc_span::def_id::DefId as rustc_type_ir::fold::TypeFoldable<rustc_middle::ty::context::TyCtxt>>::fold_with::<rustc_middle::ty::fold::BoundVarReplacer<rustc_middle::ty::fold::FnMutDelegate>>
FNDA:0,<rustc_middle::ty::consts::valtree::ValTree as rustc_type_ir::fold::TypeFoldable<rustc_middle::ty::context::TyCtxt>>::fold_with::<rustc_type_ir::fold::RegionFolder<rustc_middle::ty::context::TyCtxt, rustdoc::clean::auto_trait::clean_param_env::{closure#3}::{closure#0}>>
FNDA:0,<rustc_middle::ty::consts::valtree::ValTree as rustc_type_ir::visit::TypeVisitable<rustc_middle::ty::context::TyCtxt>>::visit_with::<rustc_type_ir::ty_kind::closure::HasRegionsBoundAt>
FNDA:0,<rustc_span::def_id::DefId as rustc_type_ir::fold::TypeFoldable<rustc_middle::ty::context::TyCtxt>>::try_fold_with::<rustc_next_trait_solver::solve::assembly::structural_traits::ReplaceProjectionWith<rustc_middle::ty::context::TyCtxt, rustc_trait_selection::solve::delegate::SolverDelegate>>
FNDA:0,<rustc_middle::ty::consts::valtree::ValTree as rustc_type_ir::fold::TypeFoldable<rustc_middle::ty::context::TyCtxt>>::fold_with::<rustc_middle::ty::fold::BoundVarReplacer<<rustc_middle::ty::context::TyCtxt>::anonymize_bound_vars::Anonymize>>
FNDA:0,<rustc_span::def_id::DefId as rustc_type_ir::visit::TypeVisitable<rustc_middle::ty::context::TyCtxt>>::visit_with::<rustc_type_ir::ty_kind::closure::HasRegionsBoundAt>
FNDA:0,<rustc_span::def_id::DefId as rustc_type_ir::visit::TypeVisitable<rustc_middle::ty::context::TyCtxt>>::visit_with::<rustc_type_ir::visit::HasErrorVisitor>
FNDA:0,<rustc_span::def_id::DefId as rustc_type_ir::fold::TypeFoldable<rustc_middle::ty::context::TyCtxt>>::fold_with::<rustc_next_trait_solver::placeholder::BoundVarReplacer<rustc_infer::infer::InferCtxt, rustc_middle::ty::context::TyCtxt>>
FNF:52
FNH:0
BRF:0
BRH:0
DA:49,0
DA:50,0
DA:51,0
DA:63,0
DA:64,0
DA:65,0
DA:66,0
DA:67,0
DA:68,0
DA:71,0
DA:72,0
DA:73,0
DA:74,0
DA:75,0
DA:76,0
DA:81,0
DA:82,0
DA:83,0
DA:84,0
DA:86,0
DA:87,0
LF:21
LH:0
end_of_record
SF:compiler/rustc_middle/src/dep_graph/dep_node.rs
FN:269,<rustc_span::def_id::CrateNum as rustc_query_system::dep_graph::dep_node::DepNodeParams<rustc_middle::ty::context::TyCtxt>>::to_fingerprint
FN:186,<() as rustc_query_system::dep_graph::dep_node::DepNodeParams<rustc_middle::ty::context::TyCtxt>>::to_fingerprint
FN:203,<rustc_span::def_id::DefId as rustc_query_system::dep_graph::dep_node::DepNodeParams<rustc_middle::ty::context::TyCtxt>>::to_fingerprint
FNDA:1,<rustc_span::def_id::CrateNum as rustc_query_system::dep_graph::dep_node::DepNodeParams<rustc_middle::ty::context::TyCtxt>>::to_fingerprint
FNDA:1,<() as rustc_query_system::dep_graph::dep_node::DepNodeParams<rustc_middle::ty::context::TyCtxt>>::to_fingerprint
FNDA:1,<rustc_span::def_id::DefId as rustc_query_system::dep_graph::dep_node::DepNodeParams<rustc_middle::ty::context::TyCtxt>>::to_fingerprint
FNF:3
FNH:3
BRF:0
BRH:0
DA:186,3
DA:187,3
DA:188,3
DA:203,594
DA:204,594
DA:205,594
DA:269,1
DA:270,1
DA:271,1
DA:272,1
LF:10
LH:10
end_of_record
SF:compiler/rustc_middle/src/traits/solve.rs
[...]
FN:974,<rustc_middle::ty::ParamEnv as rustc_type_ir::inherent::ParamEnv<rustc_middle::ty::context::TyCtxt>>::caller_bounds
FN:326,<rustc_middle::ty::context::TyCtxt>::opt_local_parent
FN:526,<rustc_middle::ty::Term as rustc_type_ir::fold::TypeFoldable<rustc_middle::ty::context::TyCtxt>>::fold_with::<rustc_next_trait_solver::canonical::canonicalizer::Canonicalizer<rustc_trait_selection::solve::delegate::SolverDelegate, rustc_middle::ty::context::TyCtxt>>
FN:940,<rustc_middle::ty::Placeholder<rustc_middle::ty::BoundConst> as rustc_type_ir::inherent::PlaceholderLike<rustc_middle::ty::context::TyCtxt>>::new_anon
FN:311,<rustc_middle::ty::context::TyCtxt>::opt_parent::{closure#0}
FN:316,<rustc_middle::ty::context::TyCtxt>::parent
FN:352,<rustc_middle::ty::Visibility>::is_public
FN:535,<rustc_middle::ty::Term as rustc_type_ir::visit::TypeVisitable<rustc_middle::ty::context::TyCtxt>>::visit_with::<rustc_next_trait_solver::solve::assembly::FindParamInClause<rustc_trait_selection::solve::delegate::SolverDelegate, rustc_middle::ty::context::TyCtxt>>
FN:928,<rustc_middle::ty::Placeholder<rustc_middle::ty::BoundConst> as rustc_type_ir::inherent::PlaceholderLike<rustc_middle::ty::context::TyCtxt>>::var
FN:526,<rustc_middle::ty::Term as rustc_type_ir::fold::TypeFoldable<rustc_middle::ty::context::TyCtxt>>::fold_with::<rustc_infer::infer::resolve::OpportunisticVarResolver>
FN:526,<rustc_middle::ty::Term as rustc_type_ir::fold::TypeFoldable<rustc_middle::ty::context::TyCtxt>>::fold_with::<rustc_type_ir::binder::ArgFolder<rustc_middle::ty::context::TyCtxt>>
FN:560,<rustc_middle::ty::Term>::kind::{closure#0}
FN:432,<rustc_middle::ty::Ty as rustc_type_ir::inherent::IntoKind>::kind
FN:310,<rustc_middle::ty::context::TyCtxt>::opt_parent
FN:992,<rustc_middle::ty::ParamEnv>::caller_bounds
FN:1725,<rustc_middle::ty::context::TyCtxt>::get_all_attrs::<rustc_span::def_id::LocalDefId>
FN:1725,<rustc_middle::ty::context::TyCtxt>::get_all_attrs::<rustc_span::def_id::DefId>
FN:894,<rustc_middle::ty::Placeholder<rustc_middle::ty::sty::BoundTy> as rustc_type_ir::inherent::PlaceholderLike<rustc_middle::ty::context::TyCtxt>>::new
FN:370,<rustc_middle::ty::Visibility<rustc_span::def_id::DefId>>::is_accessible_from::<rustc_span::def_id::LocalModDefId>
FN:1554,<rustc_middle::ty::context::TyCtxt>::item_name::<rustc_span::def_id::DefId>::{closure#0}
FN:2048,<rustc_middle::ty::context::TyCtxt>::is_const_fn
FN:266,<rustc_middle::ty::Asyncness>::is_async
FN:1788,<rustc_middle::ty::context::TyCtxt>::has_attr::<rustc_span::def_id::DefId>
FN:1718,<rustc_middle::ty::context::TyCtxt>::get_attrs::<rustc_span::def_id::DefId>::{closure#0}
FN:998,<rustc_middle::ty::ParamEnv>::new
FN:1058,<rustc_middle::ty::TypingEnv>::post_analysis::<rustc_span::def_id::LocalDefId>
FN:1552,<rustc_middle::ty::context::TyCtxt>::item_name::<rustc_span::def_id::DefId>
FN:1531,<rustc_middle::ty::context::TyCtxt>::opt_item_name::<rustc_span::def_id::DefId>
FN:856,<rustc_middle::ty::Placeholder<rustc_middle::ty::region::BoundRegion> as rustc_type_ir::inherent::PlaceholderLike<rustc_middle::ty::context::TyCtxt>>::universe
FN:558,<rustc_middle::ty::Term>::kind
FN:1446,<rustc_middle::ty::context::TyCtxt>::provided_trait_methods::{closure#0}
FN:526,<rustc_middle::ty::Term as rustc_type_ir::fold::TypeFoldable<rustc_middle::ty::context::TyCtxt>>::fold_with::<rustc_type_ir::fold::RegionFolder<rustc_middle::ty::context::TyCtxt, <rustc_next_trait_solver::solve::eval_ctxt::EvalCtxt<rustc_trait_selection::solve::delegate::SolverDelegate, rustc_middle::ty::context::TyCtxt>>::normalize_opaque_type::{closure#4}>>
FN:526,<rustc_middle::ty::Term as rustc_type_ir::fold::TypeFoldable<rustc_middle::ty::context::TyCtxt>>::fold_with::<<rustc_next_trait_solver::solve::eval_ctxt::EvalCtxt<_, _>>::try_assemble_bounds_via_registered_opaques::ReplaceOpaque<rustc_middle::ty::context::TyCtxt>>
FN:535,<rustc_middle::ty::Term as rustc_type_ir::visit::TypeVisitable<rustc_middle::ty::context::TyCtxt>>::visit_with::<rustc_type_ir::outlives::OutlivesCollector<rustc_middle::ty::context::TyCtxt>>
FN:948,<&rustc_middle::ty::list::RawList<rustc_middle::ty::list::TypeInfo, rustc_middle::ty::predicate::Clause> as rustc_type_ir::visit::Flags>::flags
FN:332,<rustc_middle::ty::context::TyCtxt>::local_parent::<rustc_span::def_id::LocalDefId>
FN:526,<rustc_middle::ty::Term as rustc_type_ir::fold::TypeFoldable<rustc_middle::ty::context::TyCtxt>>::fold_with::<rustc_middle::ty::fold::BoundVarReplacer<rustc_middle::ty::fold::FnMutDelegate>>
FN:526,<rustc_middle::ty::Term as rustc_type_ir::fold::TypeFoldable<rustc_middle::ty::context::TyCtxt>>::fold_with::<rustc_middle::ty::fold::BoundVarReplacer<<rustc_middle::ty::context::TyCtxt>::anonymize_bound_vars::Anonymize>>
FN:860,<rustc_middle::ty::Placeholder<rustc_middle::ty::region::BoundRegion> as rustc_type_ir::inherent::PlaceholderLike<rustc_middle::ty::context::TyCtxt>>::var
FN:526,<rustc_middle::ty::Term as rustc_type_ir::fold::TypeFoldable<rustc_middle::ty::context::TyCtxt>>::fold_with::<rustc_type_ir::fold::RegionFolder<rustc_middle::ty::context::TyCtxt, <rustc_next_trait_solver::solve::eval_ctxt::EvalCtxt<rustc_trait_selection::solve::delegate::SolverDelegate, rustc_middle::ty::context::TyCtxt>>::normalize_opaque_type::{closure#2}>>
FN:535,<rustc_middle::ty::Term as rustc_type_ir::visit::TypeVisitable<rustc_middle::ty::context::TyCtxt>>::visit_with::<rustc_type_ir::ty_kind::closure::HasRegionsBoundAt>
FN:898,<rustc_middle::ty::Placeholder<rustc_middle::ty::sty::BoundTy> as rustc_type_ir::inherent::PlaceholderLike<rustc_middle::ty::context::TyCtxt>>::new_anon
FN:868,<rustc_middle::ty::Placeholder<rustc_middle::ty::region::BoundRegion> as rustc_type_ir::inherent::PlaceholderLike<rustc_middle::ty::context::TyCtxt>>::new
FN:526,<rustc_middle::ty::Term as rustc_type_ir::fold::TypeFoldable<rustc_middle::ty::context::TyCtxt>>::fold_with::<rustc_middle::ty::fold::BoundVarReplacer<<rustc_infer::infer::InferCtxt>::instantiate_binder_with_fresh_vars::ToFreshVars>>
FN:526,<rustc_middle::ty::Term as rustc_type_ir::fold::TypeFoldable<rustc_middle::ty::context::TyCtxt>>::fold_with::<rustc_next_trait_solver::solve::eval_ctxt::ReplaceAliasWithInfer<rustc_trait_selection::solve::delegate::SolverDelegate, rustc_middle::ty::context::TyCtxt>>
FN:932,<rustc_middle::ty::Placeholder<rustc_middle::ty::BoundConst> as rustc_type_ir::inherent::PlaceholderLike<rustc_middle::ty::context::TyCtxt>>::with_updated_universe
FN:535,<rustc_middle::ty::Term as rustc_type_ir::visit::TypeVisitable<rustc_middle::ty::context::TyCtxt>>::visit_with::<rustc_type_ir::visit::HasErrorVisitor>
FN:438,<rustc_middle::ty::Ty as rustc_type_ir::visit::Flags>::flags
FN:352,<rustc_middle::ty::Visibility<rustc_span::def_id::DefId>>::is_public
FN:910,<rustc_middle::ty::BoundConst as rustc_type_ir::inherent::BoundVarLike<rustc_middle::ty::context::TyCtxt>>::var
FN:987,<rustc_middle::ty::ParamEnv>::empty
FN:535,<rustc_middle::ty::Term as rustc_type_ir::visit::TypeVisitable<rustc_middle::ty::context::TyCtxt>>::visit_with::<rustc_type_ir::visit::HasTypeFlagsVisitor>
FN:936,<rustc_middle::ty::Placeholder<rustc_middle::ty::BoundConst> as rustc_type_ir::inherent::PlaceholderLike<rustc_middle::ty::context::TyCtxt>>::new
FNDA:0,<rustc_middle::ty::Placeholder<rustc_middle::ty::sty::BoundTy> as rustc_type_ir::inherent::PlaceholderLike<rustc_middle::ty::context::TyCtxt>>::var
FNDA:0,<rustc_middle::ty::Placeholder<rustc_middle::ty::BoundConst> as rustc_type_ir::inherent::PlaceholderLike<rustc_middle::ty::context::TyCtxt>>::universe
FNDA:0,<rustc_middle::ty::Term as rustc_type_ir::fold::TypeFoldable<rustc_middle::ty::context::TyCtxt>>::fold_with::<rustc_type_ir::ty_kind::closure::FoldEscapingRegions<rustc_middle::ty::context::TyCtxt>>
FNDA:0,<rustc_middle::ty::Placeholder<rustc_middle::ty::region::BoundRegion> as rustc_type_ir::inherent::PlaceholderLike<rustc_middle::ty::context::TyCtxt>>::with_updated_universe
FNDA:0,<rustc_middle::ty::TypingEnv>::as_query_input::<rustc_middle::ty::Ty>
FNDA:0,<rustc_middle::ty::Term as rustc_type_ir::fold::TypeFoldable<rustc_middle::ty::context::TyCtxt>>::try_fold_with::<rustc_next_trait_solver::solve::assembly::structural_traits::ReplaceProjectionWith<rustc_middle::ty::context::TyCtxt, rustc_trait_selection::solve::delegate::SolverDelegate>>
FNDA:0,<rustc_middle::ty::Term as rustc_type_ir::visit::TypeVisitable<rustc_middle::ty::context::TyCtxt>>::visit_with::<rustc_type_ir::visit::HasEscapingVarsVisitor>
FNDA:0,<rustc_middle::ty::Term as rustc_type_ir::fold::TypeFoldable<rustc_middle::ty::context::TyCtxt>>::fold_with::<rustc_type_ir::fold::Shifter<rustc_middle::ty::context::TyCtxt>>
FNDA:1,<rustc_middle::ty::Ty as rustc_type_ir::visit::Flags>::outer_exclusive_binder
FNDA:0,<rustc_middle::ty::TypingEnv>::post_analysis::<rustc_span::def_id::DefId>
FNDA:0,<rustc_middle::ty::Placeholder<rustc_middle::ty::sty::BoundTy> as rustc_type_ir::inherent::PlaceholderLike<rustc_middle::ty::context::TyCtxt>>::with_updated_universe
FNDA:0,<rustc_middle::ty::Placeholder<rustc_middle::ty::sty::BoundTy> as rustc_type_ir::inherent::PlaceholderLike<rustc_middle::ty::context::TyCtxt>>::universe
FNDA:0,<rustc_middle::ty::context::TyCtxt>::get_attrs::<rustc_span::def_id::DefId>
FNDA:1,<rustc_middle::ty::TypingEnv>::fully_monomorphized
FNDA:0,<rustc_middle::ty::Term as rustc_type_ir::fold::TypeFoldable<rustc_middle::ty::context::TyCtxt>>::fold_with::<rustc_next_trait_solver::resolve::EagerResolver<rustc_trait_selection::solve::delegate::SolverDelegate, rustc_middle::ty::context::TyCtxt>>
FNDA:0,<rustc_middle::ty::Term as rustc_type_ir::fold::TypeFoldable<rustc_middle::ty::context::TyCtxt>>::fold_with::<rustc_type_ir::fold::RegionFolder<rustc_middle::ty::context::TyCtxt, rustdoc::clean::auto_trait::clean_param_env::{closure#3}::{closure#0}>>
FNDA:0,<rustc_middle::ty::Term as rustc_type_ir::fold::TypeFoldable<rustc_middle::ty::context::TyCtxt>>::fold_with::<rustc_next_trait_solver::placeholder::BoundVarReplacer<rustc_infer::infer::InferCtxt, rustc_middle::ty::context::TyCtxt>>
FNDA:0,<rustc_middle::ty::Term as rustc_type_ir::fold::TypeFoldable<rustc_middle::ty::context::TyCtxt>>::try_fold_with::<rustc_trait_selection::solve::normalize::NormalizationFolder<rustc_infer::traits::engine::ScrubbedTraitError>>
FNDA:1,<rustc_middle::ty::VariantDef>::ctor_kind
FNDA:0,<rustc_middle::ty::TypingEnv>::non_body_analysis::<rustc_span::def_id::DefId>
FNDA:1,<rustc_middle::ty::ParamEnv as rustc_type_ir::inherent::ParamEnv<rustc_middle::ty::context::TyCtxt>>::caller_bounds
FNDA:1,<rustc_middle::ty::context::TyCtxt>::opt_local_parent
FNDA:0,<rustc_middle::ty::Term as rustc_type_ir::fold::TypeFoldable<rustc_middle::ty::context::TyCtxt>>::fold_with::<rustc_next_trait_solver::canonical::canonicalizer::Canonicalizer<rustc_trait_selection::solve::delegate::SolverDelegate, rustc_middle::ty::context::TyCtxt>>
FNDA:0,<rustc_middle::ty::Placeholder<rustc_middle::ty::BoundConst> as rustc_type_ir::inherent::PlaceholderLike<rustc_middle::ty::context::TyCtxt>>::new_anon
FNDA:0,<rustc_middle::ty::context::TyCtxt>::opt_parent::{closure#0}
FNDA:1,<rustc_middle::ty::context::TyCtxt>::parent
FNDA:0,<rustc_middle::ty::Visibility>::is_public
FNDA:0,<rustc_middle::ty::Term as rustc_type_ir::visit::TypeVisitable<rustc_middle::ty::context::TyCtxt>>::visit_with::<rustc_next_trait_solver::solve::assembly::FindParamInClause<rustc_trait_selection::solve::delegate::SolverDelegate, rustc_middle::ty::context::TyCtxt>>
FNDA:0,<rustc_middle::ty::Placeholder<rustc_middle::ty::BoundConst> as rustc_type_ir::inherent::PlaceholderLike<rustc_middle::ty::context::TyCtxt>>::var
FNDA:0,<rustc_middle::ty::Term as rustc_type_ir::fold::TypeFoldable<rustc_middle::ty::context::TyCtxt>>::fold_with::<rustc_infer::infer::resolve::OpportunisticVarResolver>
FNDA:0,<rustc_middle::ty::Term as rustc_type_ir::fold::TypeFoldable<rustc_middle::ty::context::TyCtxt>>::fold_with::<rustc_type_ir::binder::ArgFolder<rustc_middle::ty::context::TyCtxt>>
FNDA:0,<rustc_middle::ty::Term>::kind::{closure#0}
FNDA:1,<rustc_middle::ty::Ty as rustc_type_ir::inherent::IntoKind>::kind
FNDA:1,<rustc_middle::ty::context::TyCtxt>::opt_parent
FNDA:1,<rustc_middle::ty::ParamEnv>::caller_bounds
FNDA:0,<rustc_middle::ty::context::TyCtxt>::get_all_attrs::<rustc_span::def_id::LocalDefId>
FNDA:0,<rustc_middle::ty::context::TyCtxt>::get_all_attrs::<rustc_span::def_id::DefId>
FNDA:0,<rustc_middle::ty::Placeholder<rustc_middle::ty::sty::BoundTy> as rustc_type_ir::inherent::PlaceholderLike<rustc_middle::ty::context::TyCtxt>>::new
FNDA:0,<rustc_middle::ty::Visibility<rustc_span::def_id::DefId>>::is_accessible_from::<rustc_span::def_id::LocalModDefId>
FNDA:0,<rustc_middle::ty::context::TyCtxt>::item_name::<rustc_span::def_id::DefId>::{closure#0}
FNDA:1,<rustc_middle::ty::context::TyCtxt>::is_const_fn
FNDA:1,<rustc_middle::ty::Asyncness>::is_async
FNDA:0,<rustc_middle::ty::context::TyCtxt>::has_attr::<rustc_span::def_id::DefId>
FNDA:0,<rustc_middle::ty::context::TyCtxt>::get_attrs::<rustc_span::def_id::DefId>::{closure#0}
FNDA:1,<rustc_middle::ty::ParamEnv>::new
FNDA:0,<rustc_middle::ty::TypingEnv>::post_analysis::<rustc_span::def_id::LocalDefId>
FNDA:0,<rustc_middle::ty::context::TyCtxt>::item_name::<rustc_span::def_id::DefId>
FNDA:0,<rustc_middle::ty::context::TyCtxt>::opt_item_name::<rustc_span::def_id::DefId>
FNDA:0,<rustc_middle::ty::Placeholder<rustc_middle::ty::region::BoundRegion> as rustc_type_ir::inherent::PlaceholderLike<rustc_middle::ty::context::TyCtxt>>::universe
FNDA:1,<rustc_middle::ty::Term>::kind
FNDA:0,<rustc_middle::ty::context::TyCtxt>::provided_trait_methods::{closure#0}
FNDA:0,<rustc_middle::ty::Term as rustc_type_ir::fold::TypeFoldable<rustc_middle::ty::context::TyCtxt>>::fold_with::<rustc_type_ir::fold::RegionFolder<rustc_middle::ty::context::TyCtxt, <rustc_next_trait_solver::solve::eval_ctxt::EvalCtxt<rustc_trait_selection::solve::delegate::SolverDelegate, rustc_middle::ty::context::TyCtxt>>::normalize_opaque_type::{closure#4}>>
FNDA:0,<rustc_middle::ty::Term as rustc_type_ir::fold::TypeFoldable<rustc_middle::ty::context::TyCtxt>>::fold_with::<<rustc_next_trait_solver::solve::eval_ctxt::EvalCtxt<_, _>>::try_assemble_bounds_via_registered_opaques::ReplaceOpaque<rustc_middle::ty::context::TyCtxt>>
FNDA:0,<rustc_middle::ty::Term as rustc_type_ir::visit::TypeVisitable<rustc_middle::ty::context::TyCtxt>>::visit_with::<rustc_type_ir::outlives::OutlivesCollector<rustc_middle::ty::context::TyCtxt>>
FNDA:1,<&rustc_middle::ty::list::RawList<rustc_middle::ty::list::TypeInfo, rustc_middle::ty::predicate::Clause> as rustc_type_ir::visit::Flags>::flags
FNDA:0,<rustc_middle::ty::context::TyCtxt>::local_parent::<rustc_span::def_id::LocalDefId>
FNDA:0,<rustc_middle::ty::Term as rustc_type_ir::fold::TypeFoldable<rustc_middle::ty::context::TyCtxt>>::fold_with::<rustc_middle::ty::fold::BoundVarReplacer<rustc_middle::ty::fold::FnMutDelegate>>
FNDA:0,<rustc_middle::ty::Term as rustc_type_ir::fold::TypeFoldable<rustc_middle::ty::context::TyCtxt>>::fold_with::<rustc_middle::ty::fold::BoundVarReplacer<<rustc_middle::ty::context::TyCtxt>::anonymize_bound_vars::Anonymize>>
FNDA:0,<rustc_middle::ty::Placeholder<rustc_middle::ty::region::BoundRegion> as rustc_type_ir::inherent::PlaceholderLike<rustc_middle::ty::context::TyCtxt>>::var
FNDA:0,<rustc_middle::ty::Term as rustc_type_ir::fold::TypeFoldable<rustc_middle::ty::context::TyCtxt>>::fold_with::<rustc_type_ir::fold::RegionFolder<rustc_middle::ty::context::TyCtxt, <rustc_next_trait_solver::solve::eval_ctxt::EvalCtxt<rustc_trait_selection::solve::delegate::SolverDelegate, rustc_middle::ty::context::TyCtxt>>::normalize_opaque_type::{closure#2}>>
FNDA:0,<rustc_middle::ty::Term as rustc_type_ir::visit::TypeVisitable<rustc_middle::ty::context::TyCtxt>>::visit_with::<rustc_type_ir::ty_kind::closure::HasRegionsBoundAt>
FNDA:0,<rustc_middle::ty::Placeholder<rustc_middle::ty::sty::BoundTy> as rustc_type_ir::inherent::PlaceholderLike<rustc_middle::ty::context::TyCtxt>>::new_anon
FNDA:0,<rustc_middle::ty::Placeholder<rustc_middle::ty::region::BoundRegion> as rustc_type_ir::inherent::PlaceholderLike<rustc_middle::ty::context::TyCtxt>>::new
FNDA:0,<rustc_middle::ty::Term as rustc_type_ir::fold::TypeFoldable<rustc_middle::ty::context::TyCtxt>>::fold_with::<rustc_middle::ty::fold::BoundVarReplacer<<rustc_infer::infer::InferCtxt>::instantiate_binder_with_fresh_vars::ToFreshVars>>
FNDA:0,<rustc_middle::ty::Term as rustc_type_ir::fold::TypeFoldable<rustc_middle::ty::context::TyCtxt>>::fold_with::<rustc_next_trait_solver::solve::eval_ctxt::ReplaceAliasWithInfer<rustc_trait_selection::solve::delegate::SolverDelegate, rustc_middle::ty::context::TyCtxt>>
FNDA:0,<rustc_middle::ty::Placeholder<rustc_middle::ty::BoundConst> as rustc_type_ir::inherent::PlaceholderLike<rustc_middle::ty::context::TyCtxt>>::with_updated_universe
FNDA:0,<rustc_middle::ty::Term as rustc_type_ir::visit::TypeVisitable<rustc_middle::ty::context::TyCtxt>>::visit_with::<rustc_type_ir::visit::HasErrorVisitor>
FNDA:1,<rustc_middle::ty::Ty as rustc_type_ir::visit::Flags>::flags
FNDA:0,<rustc_middle::ty::Visibility<rustc_span::def_id::DefId>>::is_public
FNDA:0,<rustc_middle::ty::BoundConst as rustc_type_ir::inherent::BoundVarLike<rustc_middle::ty::context::TyCtxt>>::var
FNDA:1,<rustc_middle::ty::ParamEnv>::empty
FNDA:0,<rustc_middle::ty::Term as rustc_type_ir::visit::TypeVisitable<rustc_middle::ty::context::TyCtxt>>::visit_with::<rustc_type_ir::visit::HasTypeFlagsVisitor>
FNDA:0,<rustc_middle::ty::Placeholder<rustc_middle::ty::BoundConst> as rustc_type_ir::inherent::PlaceholderLike<rustc_middle::ty::context::TyCtxt>>::new
FNF:73
FNH:16
BRF:0
BRH:0
DA:266,168
DA:267,168
DA:268,168
DA:310,164584
DA:311,164584
DA:312,164584
DA:316,143561
DA:317,143561
DA:318,143561
DA:320,0
DA:322,143561
DA:326,11377
DA:327,11377
DA:328,11377
DA:332,0
DA:333,0
DA:334,0
DA:352,0
DA:353,0
DA:354,0
DA:370,0
DA:371,0
DA:373,0
DA:374,0
DA:376,0
DA:432,212641
DA:433,212641
DA:434,212641
DA:438,4027218
DA:439,4027218
DA:440,4027218
DA:442,466741
DA:443,466741
DA:444,466741
DA:516,0
DA:517,0
DA:518,0
DA:519,0
DA:520,0
DA:521,0
DA:522,0
DA:524,0
DA:526,0
DA:527,0
DA:528,0
DA:529,0
DA:531,0
DA:535,0
DA:536,0
DA:537,0
DA:538,0
DA:540,0
DA:558,142109
DA:559,142109
DA:560,142109
DA:565,142109
DA:566,142065
DA:567,142065
DA:568,142065
DA:569,44
DA:570,44
DA:571,44
DA:572,0
DA:575,142109
DA:856,0
DA:857,0
DA:858,0
DA:860,0
DA:861,0
DA:862,0
DA:864,0
DA:865,0
DA:866,0
DA:868,0
DA:869,0
DA:870,0
DA:882,0
DA:883,0
DA:884,0
DA:886,0
DA:887,0
DA:888,0
DA:890,0
DA:891,0
DA:892,0
DA:894,0
DA:895,0
DA:896,0
DA:898,0
DA:899,0
DA:900,0
DA:910,0
DA:911,0
DA:912,0
DA:924,0
DA:925,0
DA:926,0
DA:928,0
DA:929,0
DA:930,0
DA:932,0
DA:933,0
DA:934,0
DA:936,0
DA:937,0
DA:938,0
DA:940,0
DA:941,0
DA:942,0
DA:948,34364
DA:949,34364
DA:950,34364
DA:974,17
DA:975,17
DA:976,17
DA:987,837003
DA:988,837003
DA:989,837003
DA:992,9405
DA:993,9405
DA:994,9405
DA:998,842576
DA:999,842576
DA:1000,842576
DA:1042,836284
DA:1043,836284
DA:1044,836284
DA:1051,0
DA:1052,0
DA:1053,0
DA:1054,0
DA:1055,0
DA:1056,0
DA:1058,0
DA:1059,0
DA:1060,0
DA:1084,0
DA:1085,0
DA:1086,0
DA:1100,0
DA:1101,0
DA:1238,66
DA:1239,66
DA:1240,66
DA:1446,0
DA:1531,0
DA:1532,0
DA:1533,0
DA:1534,0
DA:1536,0
DA:1537,0
DA:1539,0
DA:1540,0
DA:1541,0
DA:1544,0
DA:1552,0
DA:1553,0
DA:1554,0
DA:1555,0
DA:1557,0
DA:1713,0
DA:1714,0
DA:1715,0
DA:1716,0
DA:1717,0
DA:1718,0
DA:1719,0
DA:1725,0
DA:1726,0
DA:1727,0
DA:1728,0
DA:1730,0
DA:1732,0
DA:1788,0
DA:1789,0
DA:1790,0
DA:2048,116
DA:2049,0
DA:2050,116
DA:2052,116
DA:2053,116
LF:181
LH:58
end_of_record
SF:compiler/rustc_middle/src/traits/mod.rs
FN:84,<rustc_middle::traits::ObligationCause>::dummy
FN:89,<rustc_middle::traits::ObligationCause>::dummy_with_span
FNDA:1,<rustc_middle::traits::ObligationCause>::dummy
FNDA:1,<rustc_middle::traits::ObligationCause>::dummy_with_span
FNF:2
FNH:2
BRF:0
BRH:0
DA:84,3089
DA:85,3089
DA:86,3089
DA:89,3891
DA:90,3891
DA:91,3891
LF:6
LH:6
end_of_record
